Filename                         Regions    Missed Regions     Cover   Functions  Missed Functions  Executed       Lines      Missed Lines     Cover    Branches   Missed Branches     Cover
--------------------------------------------------------------------------------------------------------------------------------------------------------------------------------------------
Models/SettingsModel.swift            47                 7    85.11%          21                 0   100.00%          94                 7    92.55%           0                 0         -
Utilities/FeatureFlags.swift          92                12    86.96%          48                 9    81.25%         280                14    95.00%           0                 0         -
Utilities/Logger.swift                91                18    80.22%          47                 9    80.85%         214                23    89.25%           0                 0         -
--------------------------------------------------------------------------------------------------------------------------------------------------------------------------------------------
TOTAL                                230                37    83.91%         116                18    84.48%         588                44    92.52%           0                 0         -
