Filename                                         Regions    Missed Regions     Cover   Functions  Missed Functions  Executed       Lines      Missed Lines     Cover    Branches   Missed Branches     Cover
------------------------------------------------------------------------------------------------------------------------------------------------------------------------------------------------------------
Controllers/AppControllerTests.swift                 111                 8    92.79%          88                 1    98.86%         447                 9    97.99%           0                 0         -
Models/SettingsModelTests.swift                       68                 0   100.00%          64                 0   100.00%         165                 0   100.00%           0                 0         -
------------------------------------------------------------------------------------------------------------------------------------------------------------------------------------------------------------
TOTAL                                                237                40    83.12%         185                11    94.05%         734                93    87.33%           0                 0         -
TOTAL 179 8 95.53% 152 1 99.34% 612 9 98.53% 0 0 -
