SF:/Users/tobiaslekman/Repo/lekman/magsafe-buskill/.build/arm64-apple-macosx/debug/MagSafeGuardPackageTests.derived/runner.swift
FN:510,$s24MagSafeGuardPackageTests6RunnerV14testingLibrary33_23C3476F9CEBC591E6ED808FADCBF455LLSSyFZ
FN:527,$s24MagSafeGuardPackageTests6RunnerV4mainyyYaFZ
FNDA:1,$s24MagSafeGuardPackageTests6RunnerV14testingLibrary33_23C3476F9CEBC591E6ED808FADCBF455LLSSyFZ
FNDA:1,$s24MagSafeGuardPackageTests6RunnerV4mainyyYaFZ
FNF:2
FNH:2
DA:510,1
DA:511,1
DA:512,7
DA:513,7
DA:514,1
DA:515,6
DA:516,6
DA:517,0
DA:518,0
DA:519,0
DA:520,1
DA:527,1
DA:528,1
DA:530,1
DA:536,1
DA:538,1
DA:546,1
BRF:0
BRH:0
LF:17
LH:14
end_of_record
SF:/Users/tobiaslekman/Repo/lekman/magsafe-buskill/MagSafeGuard/Models/SettingsModel.swift
FN:45,$s16MagSafeGuardCore8SettingsV19gracePeriodDurationSdvpfi
FN:54,$s16MagSafeGuardCore8SettingsV28allowGracePeriodCancellationSbvpfi
FN:63,$s16MagSafeGuardCore8SettingsV15securityActionsSayAA18SecurityActionTypeOGvpfi
FN:74,$s16MagSafeGuardCore8SettingsV14autoArmEnabledSbvpfi
FN:82,$s16MagSafeGuardCore8SettingsV17autoArmByLocationSbvpfi
FN:91,$s16MagSafeGuardCore8SettingsV15trustedNetworksSaySSGvpfi
FN:101,$s16MagSafeGuardCore8SettingsV25autoArmOnUntrustedNetworkSbvpfi
FN:113,$s16MagSafeGuardCore8SettingsV23showStatusNotificationsSbvpfi
FN:122,$s16MagSafeGuardCore8SettingsV22playCriticalAlertSoundSbvpfi
FN:132,$s16MagSafeGuardCore8SettingsV13launchAtLoginSbvpfi
FN:140,$s16MagSafeGuardCore8SettingsV10showInDockSbvpfi
FN:153,$s16MagSafeGuardCore8SettingsV13customScriptsSaySSGvpfi
FN:164,$s16MagSafeGuardCore8SettingsV19debugLoggingEnabledSbvpfi
FN:172,$s16MagSafeGuardCore8SettingsV17iCloudSyncEnabledSbvpfi
FN:178,$s16MagSafeGuardCore8SettingsV17iCloudDataLimitMBSdvpfi
FN:183,$s16MagSafeGuardCore8SettingsV22iCloudDataAgeLimitDaysSdvpfi
FN:188,$s16MagSafeGuardCore8SettingsV9validatedACyF
FN:201,$s16MagSafeGuardCore8SettingsV9validatedACyFSbAA18SecurityActionTypeOXEfU_
FN:255,$s16MagSafeGuardCore18SecurityActionTypeO11displayNameSSvg
FN:276,$s16MagSafeGuardCore18SecurityActionTypeO11descriptionSSvg
FN:297,$s16MagSafeGuardCore18SecurityActionTypeO10symbolNameSSvg
FNDA:8,$s16MagSafeGuardCore8SettingsV19gracePeriodDurationSdvpfi
FNDA:8,$s16MagSafeGuardCore8SettingsV28allowGracePeriodCancellationSbvpfi
FNDA:8,$s16MagSafeGuardCore8SettingsV15securityActionsSayAA18SecurityActionTypeOGvpfi
FNDA:8,$s16MagSafeGuardCore8SettingsV14autoArmEnabledSbvpfi
FNDA:8,$s16MagSafeGuardCore8SettingsV17autoArmByLocationSbvpfi
FNDA:8,$s16MagSafeGuardCore8SettingsV15trustedNetworksSaySSGvpfi
FNDA:8,$s16MagSafeGuardCore8SettingsV25autoArmOnUntrustedNetworkSbvpfi
FNDA:8,$s16MagSafeGuardCore8SettingsV23showStatusNotificationsSbvpfi
FNDA:8,$s16MagSafeGuardCore8SettingsV22playCriticalAlertSoundSbvpfi
FNDA:8,$s16MagSafeGuardCore8SettingsV13launchAtLoginSbvpfi
FNDA:8,$s16MagSafeGuardCore8SettingsV10showInDockSbvpfi
FNDA:8,$s16MagSafeGuardCore8SettingsV13customScriptsSaySSGvpfi
FNDA:8,$s16MagSafeGuardCore8SettingsV19debugLoggingEnabledSbvpfi
FNDA:8,$s16MagSafeGuardCore8SettingsV17iCloudSyncEnabledSbvpfi
FNDA:8,$s16MagSafeGuardCore8SettingsV17iCloudDataLimitMBSdvpfi
FNDA:8,$s16MagSafeGuardCore8SettingsV22iCloudDataAgeLimitDaysSdvpfi
FNDA:5,$s16MagSafeGuardCore8SettingsV9validatedACyF
FNDA:12,$s16MagSafeGuardCore8SettingsV9validatedACyFSbAA18SecurityActionTypeOXEfU_
FNDA:6,$s16MagSafeGuardCore18SecurityActionTypeO11displayNameSSvg
FNDA:2,$s16MagSafeGuardCore18SecurityActionTypeO11descriptionSSvg
FNDA:3,$s16MagSafeGuardCore18SecurityActionTypeO10symbolNameSSvg
FNF:21
FNH:21
DA:45,8
DA:54,8
DA:63,8
DA:74,8
DA:82,8
DA:91,8
DA:101,8
DA:113,8
DA:122,8
DA:132,8
DA:140,8
DA:153,8
DA:164,8
DA:172,8
DA:178,8
DA:183,8
DA:188,5
DA:189,5
DA:190,5
DA:191,5
DA:192,5
DA:193,5
DA:194,5
DA:195,5
DA:196,1
DA:197,1
DA:198,5
DA:199,5
DA:200,5
DA:201,12
DA:202,12
DA:203,2
DA:204,10
DA:205,10
DA:206,10
DA:207,12
DA:208,5
DA:209,5
DA:210,5
DA:255,6
DA:256,6
DA:257,6
DA:258,1
DA:259,6
DA:260,1
DA:261,6
DA:262,1
DA:263,6
DA:264,1
DA:265,6
DA:266,1
DA:267,6
DA:268,1
DA:269,6
DA:270,6
DA:276,2
DA:277,2
DA:278,2
DA:279,1
DA:280,2
DA:281,0
DA:282,2
DA:283,0
DA:284,2
DA:285,1
DA:286,2
DA:287,0
DA:288,2
DA:289,0
DA:290,2
DA:291,2
DA:297,3
DA:298,3
DA:299,3
DA:300,1
DA:301,3
DA:302,0
DA:303,3
DA:304,1
DA:305,3
DA:306,0
DA:307,3
DA:308,0
DA:309,3
DA:310,1
DA:311,3
DA:312,3
BRF:0
BRH:0
LF:94
LH:87
end_of_record
SF:/Users/tobiaslekman/Repo/lekman/magsafe-buskill/MagSafeGuard/Utilities/FeatureFlags.swift
FN:55,$s16MagSafeGuardCore12FeatureFlagsC4FlagO12defaultValueSbvg
FN:60,$s16MagSafeGuardCore12FeatureFlagsC4FlagO11descriptionSSvg
FN:96,$s16MagSafeGuardCore12FeatureFlagsC5flags33_A367CCC264B46A3DB42D3DB448A036B3LLSDyAC4FlagOSbGvpfi
FN:97,$s16MagSafeGuardCore12FeatureFlagsC5queue33_A367CCC264B46A3DB42D3DB448A036B3LLSo012OS_dispatch_G0Cvpfi
FN:98,$s16MagSafeGuardCore12FeatureFlagsC12jsonFileName33_A367CCC264B46A3DB42D3DB448A036B3LLSSvpfi
FN:100,$s16MagSafeGuardCore12FeatureFlagsCACyc33_A367CCC264B46A3DB42D3DB448A036B3Llfc
FN:105,$s16MagSafeGuardCore12FeatureFlagsC04loadF033_A367CCC264B46A3DB42D3DB448A036B3LLyyF
FN:106,$s16MagSafeGuardCore12FeatureFlagsC04loadF033_A367CCC264B46A3DB42D3DB448A036B3LLyyFyyXEfU_
FN:118,$s16MagSafeGuardCore12FeatureFlagsC04loadF033_A367CCC264B46A3DB42D3DB448A036B3LLyyFyyXEfU_SbyKXEfu_
FN:129,$s16MagSafeGuardCore12FeatureFlagsC12loadJSONFile33_A367CCC264B46A3DB42D3DB448A036B3LLyyF
FN:137,$s16MagSafeGuardCore12FeatureFlagsC12loadJSONFile33_A367CCC264B46A3DB42D3DB448A036B3LLyyFypyKXEfu_
FN:141,$s16MagSafeGuardCore12FeatureFlagsC12loadJSONFile33_A367CCC264B46A3DB42D3DB448A036B3LLyyFSSyKXEfu0_
FN:142,$s16MagSafeGuardCore12FeatureFlagsC12loadJSONFile33_A367CCC264B46A3DB42D3DB448A036B3LLyyFSSSgypXEfU_
FN:173,$s16MagSafeGuardCore12FeatureFlagsC10saveToJSON2atySSSg_tKF
FN:174,$s16MagSafeGuardCore12FeatureFlagsC10saveToJSON2atySSSg_tKFSSyKXEfu_
FN:176,$s16MagSafeGuardCore12FeatureFlagsC10saveToJSON2atySSSg_tKFSDySSSbGyXEfU_
FN:179,$s16MagSafeGuardCore12FeatureFlagsC10saveToJSON2atySSSg_tKFSDySSSbGyXEfU_SbyKXEfu_
FN:193,$s16MagSafeGuardCore12FeatureFlagsC9isEnabledySbAC4FlagOF
FN:194,$s16MagSafeGuardCore12FeatureFlagsC9isEnabledySbAC4FlagOFSbyXEfU_
FN:195,$s16MagSafeGuardCore12FeatureFlagsC9isEnabledySbAC4FlagOFSbyXEfU_SbyKXEfu_
FN:200,$s16MagSafeGuardCore12FeatureFlagsC7setFlag_7enabledyAC0H0O_SbtF
FN:201,$s16MagSafeGuardCore12FeatureFlagsC7setFlag_7enabledyAC0H0O_SbtFyyXEfU_
FN:207,$s16MagSafeGuardCore12FeatureFlagsC03allF0SDyAC4FlagOSbGyF
FN:208,$s16MagSafeGuardCore12FeatureFlagsC03allF0SDyAC4FlagOSbGyFAGyXEfU_
FN:214,$s16MagSafeGuardCore12FeatureFlagsC6reloadyyF
FN:219,$s16MagSafeGuardCore12FeatureFlagsC6exportSDySSypGyF
FN:220,$s16MagSafeGuardCore12FeatureFlagsC6exportSDySSypGyFAEyXEfU_
FN:233,$s16MagSafeGuardCore12FeatureFlagsC6exportSDySSypGyFAEyXEfU_SbyKXEfu_
FN:234,$s16MagSafeGuardCore12FeatureFlagsC6exportSDySSypGyFAEyXEfU_SbyKXEfu0_
FN:241,$s16MagSafeGuardCore12FeatureFlagsC6exportSDySSypGyFAEyXEfU_SbyKXEfu1_
FN:242,$s16MagSafeGuardCore12FeatureFlagsC6exportSDySSypGyFAEyXEfU_SbyKXEfu2_
FN:249,$s16MagSafeGuardCore12FeatureFlagsC6exportSDySSypGyFAEyXEfU_SbyKXEfu3_
FN:258,$s16MagSafeGuardCore12FeatureFlagsC10areEnabledySbAC4FlagOd_tF
FN:259,$s16MagSafeGuardCore12FeatureFlagsC10areEnabledySbAC4FlagOd_tFSbAFXEfU_
FN:263,$s16MagSafeGuardCore12FeatureFlagsC12isAnyEnabledySbAC4FlagOd_tF
FN:264,$s16MagSafeGuardCore12FeatureFlagsC12isAnyEnabledySbAC4FlagOd_tFSbAFXEfU_
FN:275,$s16MagSafeGuardCore12FeatureFlagsC24isPowerMonitoringEnabledSbvg
FN:278,$s16MagSafeGuardCore12FeatureFlagsC22isAccessibilityEnabledSbvg
FN:281,$s16MagSafeGuardCore12FeatureFlagsC22isNotificationsEnabledSbvg
FN:284,$s16MagSafeGuardCore12FeatureFlagsC23isAuthenticationEnabledSbvg
FN:287,$s16MagSafeGuardCore12FeatureFlagsC16isAutoArmEnabledSbvg
FN:290,$s16MagSafeGuardCore12FeatureFlagsC17isLocationEnabledSbvg
FN:293,$s16MagSafeGuardCore12FeatureFlagsC23isNetworkMonitorEnabledSbvg
FN:296,$s16MagSafeGuardCore12FeatureFlagsC25isSecurityEvidenceEnabledSbvg
FN:299,$s16MagSafeGuardCore12FeatureFlagsC18isCloudSyncEnabledSbvg
FN:302,$s16MagSafeGuardCore12FeatureFlagsC15isSentryEnabledSbvg
FN:305,$s16MagSafeGuardCore12FeatureFlagsC27isPerformanceMetricsEnabledSbvg
FN:308,$s16MagSafeGuardCore12FeatureFlagsC23isVerboseLoggingEnabledSbvg
FNDA:420,$s16MagSafeGuardCore12FeatureFlagsC4FlagO12defaultValueSbvg
FNDA:15,$s16MagSafeGuardCore12FeatureFlagsC4FlagO11descriptionSSvg
FNDA:13,$s16MagSafeGuardCore12FeatureFlagsC5flags33_A367CCC264B46A3DB42D3DB448A036B3LLSDyAC4FlagOSbGvpfi
FNDA:13,$s16MagSafeGuardCore12FeatureFlagsC5queue33_A367CCC264B46A3DB42D3DB448A036B3LLSo012OS_dispatch_G0Cvpfi
FNDA:13,$s16MagSafeGuardCore12FeatureFlagsC12jsonFileName33_A367CCC264B46A3DB42D3DB448A036B3LLSSvpfi
FNDA:13,$s16MagSafeGuardCore12FeatureFlagsCACyc33_A367CCC264B46A3DB42D3DB448A036B3Llfc
FNDA:28,$s16MagSafeGuardCore12FeatureFlagsC04loadF033_A367CCC264B46A3DB42D3DB448A036B3LLyyF
FNDA:28,$s16MagSafeGuardCore12FeatureFlagsC04loadF033_A367CCC264B46A3DB42D3DB448A036B3LLyyFyyXEfU_
FNDA:0,$s16MagSafeGuardCore12FeatureFlagsC04loadF033_A367CCC264B46A3DB42D3DB448A036B3LLyyFyyXEfU_SbyKXEfu_
FNDA:28,$s16MagSafeGuardCore12FeatureFlagsC12loadJSONFile33_A367CCC264B46A3DB42D3DB448A036B3LLyyF
FNDA:0,$s16MagSafeGuardCore12FeatureFlagsC12loadJSONFile33_A367CCC264B46A3DB42D3DB448A036B3LLyyFypyKXEfu_
FNDA:0,$s16MagSafeGuardCore12FeatureFlagsC12loadJSONFile33_A367CCC264B46A3DB42D3DB448A036B3LLyyFSSyKXEfu0_
FNDA:112,$s16MagSafeGuardCore12FeatureFlagsC12loadJSONFile33_A367CCC264B46A3DB42D3DB448A036B3LLyyFSSSgypXEfU_
FNDA:1,$s16MagSafeGuardCore12FeatureFlagsC10saveToJSON2atySSSg_tKF
FNDA:0,$s16MagSafeGuardCore12FeatureFlagsC10saveToJSON2atySSSg_tKFSSyKXEfu_
FNDA:1,$s16MagSafeGuardCore12FeatureFlagsC10saveToJSON2atySSSg_tKFSDySSSbGyXEfU_
FNDA:0,$s16MagSafeGuardCore12FeatureFlagsC10saveToJSON2atySSSg_tKFSDySSSbGyXEfU_SbyKXEfu_
FNDA:101,$s16MagSafeGuardCore12FeatureFlagsC9isEnabledySbAC4FlagOF
FNDA:101,$s16MagSafeGuardCore12FeatureFlagsC9isEnabledySbAC4FlagOFSbyXEfU_
FNDA:0,$s16MagSafeGuardCore12FeatureFlagsC9isEnabledySbAC4FlagOFSbyXEfU_SbyKXEfu_
FNDA:58,$s16MagSafeGuardCore12FeatureFlagsC7setFlag_7enabledyAC0H0O_SbtF
FNDA:58,$s16MagSafeGuardCore12FeatureFlagsC7setFlag_7enabledyAC0H0O_SbtFyyXEfU_
FNDA:3,$s16MagSafeGuardCore12FeatureFlagsC03allF0SDyAC4FlagOSbGyF
FNDA:3,$s16MagSafeGuardCore12FeatureFlagsC03allF0SDyAC4FlagOSbGyFAGyXEfU_
FNDA:15,$s16MagSafeGuardCore12FeatureFlagsC6reloadyyF
FNDA:1,$s16MagSafeGuardCore12FeatureFlagsC6exportSDySSypGyF
FNDA:1,$s16MagSafeGuardCore12FeatureFlagsC6exportSDySSypGyFAEyXEfU_
FNDA:10,$s16MagSafeGuardCore12FeatureFlagsC6exportSDySSypGyFAEyXEfU_SbyKXEfu_
FNDA:0,$s16MagSafeGuardCore12FeatureFlagsC6exportSDySSypGyFAEyXEfU_SbyKXEfu0_
FNDA:13,$s16MagSafeGuardCore12FeatureFlagsC6exportSDySSypGyFAEyXEfU_SbyKXEfu1_
FNDA:0,$s16MagSafeGuardCore12FeatureFlagsC6exportSDySSypGyFAEyXEfU_SbyKXEfu2_
FNDA:0,$s16MagSafeGuardCore12FeatureFlagsC6exportSDySSypGyFAEyXEfU_SbyKXEfu3_
FNDA:2,$s16MagSafeGuardCore12FeatureFlagsC10areEnabledySbAC4FlagOd_tF
FNDA:4,$s16MagSafeGuardCore12FeatureFlagsC10areEnabledySbAC4FlagOd_tFSbAFXEfU_
FNDA:3,$s16MagSafeGuardCore12FeatureFlagsC12isAnyEnabledySbAC4FlagOd_tF
FNDA:4,$s16MagSafeGuardCore12FeatureFlagsC12isAnyEnabledySbAC4FlagOd_tFSbAFXEfU_
FNDA:1,$s16MagSafeGuardCore12FeatureFlagsC24isPowerMonitoringEnabledSbvg
FNDA:1,$s16MagSafeGuardCore12FeatureFlagsC22isAccessibilityEnabledSbvg
FNDA:1,$s16MagSafeGuardCore12FeatureFlagsC22isNotificationsEnabledSbvg
FNDA:1,$s16MagSafeGuardCore12FeatureFlagsC23isAuthenticationEnabledSbvg
FNDA:1,$s16MagSafeGuardCore12FeatureFlagsC16isAutoArmEnabledSbvg
FNDA:1,$s16MagSafeGuardCore12FeatureFlagsC17isLocationEnabledSbvg
FNDA:1,$s16MagSafeGuardCore12FeatureFlagsC23isNetworkMonitorEnabledSbvg
FNDA:1,$s16MagSafeGuardCore12FeatureFlagsC25isSecurityEvidenceEnabledSbvg
FNDA:1,$s16MagSafeGuardCore12FeatureFlagsC18isCloudSyncEnabledSbvg
FNDA:1,$s16MagSafeGuardCore12FeatureFlagsC15isSentryEnabledSbvg
FNDA:1,$s16MagSafeGuardCore12FeatureFlagsC27isPerformanceMetricsEnabledSbvg
FNDA:1,$s16MagSafeGuardCore12FeatureFlagsC23isVerboseLoggingEnabledSbvg
FNF:48
FNH:39
DA:55,420
DA:56,420
DA:57,420
DA:58,420
DA:60,15
DA:61,15
DA:62,15
DA:63,1
DA:64,15
DA:65,1
DA:66,15
DA:67,1
DA:68,15
DA:69,1
DA:70,15
DA:71,1
DA:72,15
DA:73,1
DA:74,15
DA:75,1
DA:76,15
DA:77,1
DA:78,15
DA:79,1
DA:80,15
DA:81,1
DA:82,15
DA:83,1
DA:84,15
DA:85,1
DA:86,15
DA:87,1
DA:88,15
DA:89,1
DA:90,15
DA:91,1
DA:92,15
DA:93,15
DA:96,13
DA:97,13
DA:98,13
DA:100,13
DA:101,13
DA:102,13
DA:105,28
DA:106,28
DA:107,28
DA:108,420
DA:109,420
DA:110,420
DA:111,28
DA:112,28
DA:113,28
DA:114,28
DA:115,28
DA:116,420
DA:117,420
DA:118,0
DA:119,0
DA:120,420
DA:121,28
DA:123,28
DA:125,28
DA:126,28
DA:129,28
DA:130,28
DA:131,28
DA:132,28
DA:133,28
DA:134,28
DA:135,28
DA:136,28
DA:137,28
DA:138,28
DA:139,28
DA:140,28
DA:141,28
DA:142,112
DA:143,28
DA:144,97
DA:145,97
DA:146,97
DA:147,97
DA:148,5
DA:149,5
DA:150,5
DA:151,5
DA:152,5
DA:153,7
DA:154,7
DA:155,7
DA:156,7
DA:157,7
DA:158,5
DA:159,5
DA:160,5
DA:161,5
DA:162,0
DA:163,0
DA:164,0
DA:165,92
DA:166,92
DA:167,23
DA:168,23
DA:169,23
DA:170,23
DA:173,1
DA:174,1
DA:175,1
DA:176,1
DA:177,1
DA:178,15
DA:179,15
DA:180,15
DA:181,1
DA:182,1
DA:183,1
DA:184,1
DA:185,1
DA:186,1
DA:187,1
DA:188,1
DA:189,1
DA:190,1
DA:193,101
DA:194,101
DA:195,101
DA:196,101
DA:197,101
DA:200,58
DA:201,58
DA:202,58
DA:203,58
DA:204,58
DA:207,3
DA:208,3
DA:209,3
DA:210,3
DA:211,3
DA:214,15
DA:215,15
DA:216,15
DA:219,1
DA:220,1
DA:221,1
DA:222,1
DA:223,1
DA:224,1
DA:225,1
DA:226,1
DA:227,1
DA:228,1
DA:229,1
DA:230,1
DA:231,1
DA:232,1
DA:233,15
DA:234,15
DA:235,15
DA:236,1
DA:237,1
DA:238,1
DA:239,1
DA:240,1
DA:241,15
DA:242,15
DA:243,15
DA:244,1
DA:245,1
DA:246,1
DA:247,1
DA:248,15
DA:249,15
DA:250,15
DA:251,1
DA:252,1
DA:253,1
DA:254,1
DA:255,1
DA:258,2
DA:259,4
DA:260,2
DA:263,3
DA:264,4
DA:265,3
DA:275,1
DA:278,1
DA:281,1
DA:284,1
DA:287,1
DA:290,1
DA:293,1
DA:296,1
DA:299,1
DA:302,1
DA:305,1
DA:308,1
BRF:0
BRH:0
LF:280
LH:266
end_of_record
SF:/Users/tobiaslekman/Repo/lekman/magsafe-buskill/MagSafeGuard/Utilities/Logger.swift
FN:35,$s16MagSafeGuardCore3LogV10fileLogger33_2C47FF12E54C0DCB9B163A4A7E4A7901LLAA04FileG0AELLCSgvpZfiAHyXEfU_
FN:49,$s16MagSafeGuardCore3LogV5debug_8categoryySS_AA0E8CategoryOtFZ
FN:50,$s16MagSafeGuardCore3LogV5debug_8categoryySS_AA0E8CategoryOtFZSSycfu_
FN:60,$s16MagSafeGuardCore3LogV14debugSensitive_5value8categoryySS_SSAA0E8CategoryOtFZ
FN:61,$s16MagSafeGuardCore3LogV14debugSensitive_5value8categoryySS_SSAA0E8CategoryOtFZSSycfu_
FN:61,$s16MagSafeGuardCore3LogV14debugSensitive_5value8categoryySS_SSAA0E8CategoryOtFZSSycfu0_
FN:68,$s16MagSafeGuardCore3LogV4info_8categoryySS_AA0E8CategoryOtFZ
FN:69,$s16MagSafeGuardCore3LogV4info_8categoryySS_AA0E8CategoryOtFZSSycfu_
FN:79,$s16MagSafeGuardCore3LogV13infoSensitive_5value8categoryySS_SSAA0E8CategoryOtFZ
FN:80,$s16MagSafeGuardCore3LogV13infoSensitive_5value8categoryySS_SSAA0E8CategoryOtFZSSycfu_
FN:80,$s16MagSafeGuardCore3LogV13infoSensitive_5value8categoryySS_SSAA0E8CategoryOtFZSSycfu0_
FN:87,$s16MagSafeGuardCore3LogV6notice_8categoryySS_AA0E8CategoryOtFZ
FN:88,$s16MagSafeGuardCore3LogV6notice_8categoryySS_AA0E8CategoryOtFZSSycfu_
FN:98,$s16MagSafeGuardCore3LogV15noticeSensitive_5value8categoryySS_SSAA0E8CategoryOtFZ
FN:99,$s16MagSafeGuardCore3LogV15noticeSensitive_5value8categoryySS_SSAA0E8CategoryOtFZSSycfu_
FN:99,$s16MagSafeGuardCore3LogV15noticeSensitive_5value8categoryySS_SSAA0E8CategoryOtFZSSycfu0_
FN:103,$s16MagSafeGuardCore3LogV7warning_8categoryySS_AA0E8CategoryOtFZ
FN:104,$s16MagSafeGuardCore3LogV7warning_8categoryySS_AA0E8CategoryOtFZSSycfu_
FN:108,$s16MagSafeGuardCore3LogV5error_AD8categoryySS_s5Error_pSgAA0E8CategoryOtFZ
FN:112,$s16MagSafeGuardCore3LogV5error_AD8categoryySS_s5Error_pSgAA0E8CategoryOtFZSSycfu_
FN:112,$s16MagSafeGuardCore3LogV5error_AD8categoryySS_s5Error_pSgAA0E8CategoryOtFZsAF_pycfu0_
FN:115,$s16MagSafeGuardCore3LogV5error_AD8categoryySS_s5Error_pSgAA0E8CategoryOtFZSSycfu1_
FN:125,$s16MagSafeGuardCore3LogV8critical_5error8categoryySS_s5Error_pSgAA0E8CategoryOtFZ
FN:129,$s16MagSafeGuardCore3LogV8critical_5error8categoryySS_s5Error_pSgAA0E8CategoryOtFZSSycfu_
FN:129,$s16MagSafeGuardCore3LogV8critical_5error8categoryySS_s5Error_pSgAA0E8CategoryOtFZsAG_pycfu0_
FN:132,$s16MagSafeGuardCore3LogV8critical_5error8categoryySS_s5Error_pSgAA0E8CategoryOtFZSSycfu1_
FN:140,$s16MagSafeGuardCore3LogV5fault_8categoryySS_AA0E8CategoryOtFZ
FN:141,$s16MagSafeGuardCore3LogV5fault_8categoryySS_AA0E8CategoryOtFZSSycfu_
FN:150,$s16MagSafeGuardCore3LogV11infoPrivate_11privateData8categoryySS_SSAA0E8CategoryOtFZ
FN:151,$s16MagSafeGuardCore3LogV11infoPrivate_11privateData8categoryySS_SSAA0E8CategoryOtFZSSycfu_
FN:151,$s16MagSafeGuardCore3LogV11infoPrivate_11privateData8categoryySS_SSAA0E8CategoryOtFZSSycfu0_
FN:157,$s16MagSafeGuardCore3LogV10debugMixed13publicMessage11privateData8categoryySS_SSAA0E8CategoryOtFZ
FN:158,$s16MagSafeGuardCore3LogV10debugMixed13publicMessage11privateData8categoryySS_SSAA0E8CategoryOtFZSSycfu_
FN:158,$s16MagSafeGuardCore3LogV10debugMixed13publicMessage11privateData8categoryySS_SSAA0E8CategoryOtFZSSycfu0_
FN:186,$s16MagSafeGuardCore11LogCategoryO6logger2os6LoggerVvg
FN:191,$s16MagSafeGuardCore11LogCategoryO12categoryNameSSvg
FN:206,$s16MagSafeGuardCore11LogCategoryO9subsystem33_2C47FF12E54C0DCB9B163A4A7E4A7901LLSSvpZfiSSyXEfU_
FN:211,$s16MagSafeGuardCore11LogCategoryO9subsystem33_2C47FF12E54C0DCB9B163A4A7E4A7901LLSSvpZfiSSyXEfU_SSyKXEfu_
FN:221,$s16MagSafeGuardCore10FileLogger33_2C47FF12E54C0DCB9B163A4A7E4A7901LLC5queueSo012OS_dispatch_Q0Cvpfi
FN:223,$s16MagSafeGuardCore10FileLogger33_2C47FF12E54C0DCB9B163A4A7E4A7901LLCADSgycfc
FN:236,$s16MagSafeGuardCore10FileLogger33_2C47FF12E54C0DCB9B163A4A7E4A7901LLCADSgycfcs5Error_pycfu_
FN:254,$s16MagSafeGuardCore10FileLogger33_2C47FF12E54C0DCB9B163A4A7E4A7901LLC8logError_8category5levelySS_AA11LogCategoryOSStF
FN:255,$s16MagSafeGuardCore10FileLogger33_2C47FF12E54C0DCB9B163A4A7E4A7901LLC8logError_8category5levelySS_AA11LogCategoryOSStFyyYbcfU_
FN:274,$s16MagSafeGuardCore10FileLogger33_2C47FF12E54C0DCB9B163A4A7E4A7901LLC8logError_8category5levelySS_AA11LogCategoryOSStFyyYbcfU_SSycfu_
FN:280,$s16MagSafeGuardCore10FileLogger33_2C47FF12E54C0DCB9B163A4A7E4A7901LLC14cleanupOldLogs2iny10Foundation3URLV_tF
FN:283,$s16MagSafeGuardCore10FileLogger33_2C47FF12E54C0DCB9B163A4A7E4A7901LLC14cleanupOldLogs2iny10Foundation3URLV_tFAG4DateVyKXEfu_
FN:308,$s16MagSafeGuardCore3LogV7verbose_8categoryySS_AA0E8CategoryOtFZ
FNDA:5,$s16MagSafeGuardCore3LogV10fileLogger33_2C47FF12E54C0DCB9B163A4A7E4A7901LLAA04FileG0AELLCSgvpZfiAHyXEfU_
FNDA:10057,$s16MagSafeGuardCore3LogV5debug_8categoryySS_AA0E8CategoryOtFZ
FNDA:0,$s16MagSafeGuardCore3LogV5debug_8categoryySS_AA0E8CategoryOtFZSSycfu_
FNDA:2,$s16MagSafeGuardCore3LogV14debugSensitive_5value8categoryySS_SSAA0E8CategoryOtFZ
FNDA:0,$s16MagSafeGuardCore3LogV14debugSensitive_5value8categoryySS_SSAA0E8CategoryOtFZSSycfu_
FNDA:0,$s16MagSafeGuardCore3LogV14debugSensitive_5value8categoryySS_SSAA0E8CategoryOtFZSSycfu0_
FNDA:120,$s16MagSafeGuardCore3LogV4info_8categoryySS_AA0E8CategoryOtFZ
FNDA:119,$s16MagSafeGuardCore3LogV4info_8categoryySS_AA0E8CategoryOtFZSSycfu_
FNDA:3,$s16MagSafeGuardCore3LogV13infoSensitive_5value8categoryySS_SSAA0E8CategoryOtFZ
FNDA:3,$s16MagSafeGuardCore3LogV13infoSensitive_5value8categoryySS_SSAA0E8CategoryOtFZSSycfu_
FNDA:3,$s16MagSafeGuardCore3LogV13infoSensitive_5value8categoryySS_SSAA0E8CategoryOtFZSSycfu0_
FNDA:2,$s16MagSafeGuardCore3LogV6notice_8categoryySS_AA0E8CategoryOtFZ
FNDA:2,$s16MagSafeGuardCore3LogV6notice_8categoryySS_AA0E8CategoryOtFZSSycfu_
FNDA:2,$s16MagSafeGuardCore3LogV15noticeSensitive_5value8categoryySS_SSAA0E8CategoryOtFZ
FNDA:2,$s16MagSafeGuardCore3LogV15noticeSensitive_5value8categoryySS_SSAA0E8CategoryOtFZSSycfu_
FNDA:2,$s16MagSafeGuardCore3LogV15noticeSensitive_5value8categoryySS_SSAA0E8CategoryOtFZSSycfu0_
FNDA:3,$s16MagSafeGuardCore3LogV7warning_8categoryySS_AA0E8CategoryOtFZ
FNDA:3,$s16MagSafeGuardCore3LogV7warning_8categoryySS_AA0E8CategoryOtFZSSycfu_
FNDA:6,$s16MagSafeGuardCore3LogV5error_AD8categoryySS_s5Error_pSgAA0E8CategoryOtFZ
FNDA:2,$s16MagSafeGuardCore3LogV5error_AD8categoryySS_s5Error_pSgAA0E8CategoryOtFZSSycfu_
FNDA:2,$s16MagSafeGuardCore3LogV5error_AD8categoryySS_s5Error_pSgAA0E8CategoryOtFZsAF_pycfu0_
FNDA:4,$s16MagSafeGuardCore3LogV5error_AD8categoryySS_s5Error_pSgAA0E8CategoryOtFZSSycfu1_
FNDA:5,$s16MagSafeGuardCore3LogV8critical_5error8categoryySS_s5Error_pSgAA0E8CategoryOtFZ
FNDA:2,$s16MagSafeGuardCore3LogV8critical_5error8categoryySS_s5Error_pSgAA0E8CategoryOtFZSSycfu_
FNDA:2,$s16MagSafeGuardCore3LogV8critical_5error8categoryySS_s5Error_pSgAA0E8CategoryOtFZsAG_pycfu0_
FNDA:3,$s16MagSafeGuardCore3LogV8critical_5error8categoryySS_s5Error_pSgAA0E8CategoryOtFZSSycfu1_
FNDA:3,$s16MagSafeGuardCore3LogV5fault_8categoryySS_AA0E8CategoryOtFZ
FNDA:3,$s16MagSafeGuardCore3LogV5fault_8categoryySS_AA0E8CategoryOtFZSSycfu_
FNDA:2,$s16MagSafeGuardCore3LogV11infoPrivate_11privateData8categoryySS_SSAA0E8CategoryOtFZ
FNDA:2,$s16MagSafeGuardCore3LogV11infoPrivate_11privateData8categoryySS_SSAA0E8CategoryOtFZSSycfu_
FNDA:2,$s16MagSafeGuardCore3LogV11infoPrivate_11privateData8categoryySS_SSAA0E8CategoryOtFZSSycfu0_
FNDA:2,$s16MagSafeGuardCore3LogV10debugMixed13publicMessage11privateData8categoryySS_SSAA0E8CategoryOtFZ
FNDA:0,$s16MagSafeGuardCore3LogV10debugMixed13publicMessage11privateData8categoryySS_SSAA0E8CategoryOtFZSSycfu_
FNDA:0,$s16MagSafeGuardCore3LogV10debugMixed13publicMessage11privateData8categoryySS_SSAA0E8CategoryOtFZSSycfu0_
FNDA:10209,$s16MagSafeGuardCore11LogCategoryO6logger2os6LoggerVvg
FNDA:10227,$s16MagSafeGuardCore11LogCategoryO12categoryNameSSvg
FNDA:34,$s16MagSafeGuardCore11LogCategoryO9subsystem33_2C47FF12E54C0DCB9B163A4A7E4A7901LLSSvpZfiSSyXEfU_
FNDA:0,$s16MagSafeGuardCore11LogCategoryO9subsystem33_2C47FF12E54C0DCB9B163A4A7E4A7901LLSSvpZfiSSyXEfU_SSyKXEfu_
FNDA:5,$s16MagSafeGuardCore10FileLogger33_2C47FF12E54C0DCB9B163A4A7E4A7901LLC5queueSo012OS_dispatch_Q0Cvpfi
FNDA:5,$s16MagSafeGuardCore10FileLogger33_2C47FF12E54C0DCB9B163A4A7E4A7901LLCADSgycfc
FNDA:0,$s16MagSafeGuardCore10FileLogger33_2C47FF12E54C0DCB9B163A4A7E4A7901LLCADSgycfcs5Error_pycfu_
FNDA:14,$s16MagSafeGuardCore10FileLogger33_2C47FF12E54C0DCB9B163A4A7E4A7901LLC8logError_8category5levelySS_AA11LogCategoryOSStF
FNDA:3,$s16MagSafeGuardCore10FileLogger33_2C47FF12E54C0DCB9B163A4A7E4A7901LLC8logError_8category5levelySS_AA11LogCategoryOSStFyyYbcfU_
FNDA:0,$s16MagSafeGuardCore10FileLogger33_2C47FF12E54C0DCB9B163A4A7E4A7901LLC8logError_8category5levelySS_AA11LogCategoryOSStFyyYbcfU_SSycfu_
FNDA:5,$s16MagSafeGuardCore10FileLogger33_2C47FF12E54C0DCB9B163A4A7E4A7901LLC14cleanupOldLogs2iny10Foundation3URLV_tF
FNDA:0,$s16MagSafeGuardCore10FileLogger33_2C47FF12E54C0DCB9B163A4A7E4A7901LLC14cleanupOldLogs2iny10Foundation3URLV_tFAG4DateVyKXEfu_
FNDA:2,$s16MagSafeGuardCore3LogV7verbose_8categoryySS_AA0E8CategoryOtFZ
FNF:47
FNH:38
DA:35,5
DA:36,5
DA:37,5
DA:38,0
DA:39,5
DA:40,5
DA:41,5
DA:49,10057
DA:50,10057
DA:51,10057
DA:60,2
DA:61,2
DA:62,2
DA:68,120
DA:69,120
DA:70,120
DA:79,3
DA:80,3
DA:81,3
DA:87,2
DA:88,2
DA:89,2
DA:98,2
DA:99,2
DA:100,2
DA:103,3
DA:104,3
DA:105,3
DA:108,6
DA:109,6
DA:110,6
DA:111,2
DA:112,2
DA:113,4
DA:114,4
DA:115,4
DA:116,4
DA:117,6
DA:118,6
DA:119,6
DA:120,6
DA:125,5
DA:126,5
DA:127,5
DA:128,2
DA:129,2
DA:130,3
DA:131,3
DA:132,3
DA:133,3
DA:134,5
DA:135,5
DA:136,5
DA:137,5
DA:140,3
DA:141,3
DA:142,3
DA:143,3
DA:150,2
DA:151,2
DA:152,2
DA:157,2
DA:158,2
DA:159,2
DA:186,10209
DA:187,10209
DA:188,10209
DA:191,10227
DA:192,10227
DA:193,10227
DA:194,10227
DA:195,10227
DA:196,10227
DA:197,10227
DA:198,10227
DA:199,10227
DA:200,10227
DA:201,10227
DA:202,10227
DA:203,10227
DA:206,34
DA:207,34
DA:208,34
DA:209,0
DA:210,34
DA:211,34
DA:212,34
DA:221,5
DA:223,5
DA:224,5
DA:225,5
DA:226,5
DA:227,5
DA:228,5
DA:229,5
DA:230,5
DA:231,5
DA:232,5
DA:233,0
DA:234,0
DA:235,0
DA:236,0
DA:237,0
DA:238,5
DA:239,5
DA:240,5
DA:241,5
DA:242,5
DA:243,5
DA:244,5
DA:245,5
DA:246,5
DA:247,5
DA:248,5
DA:249,5
DA:250,5
DA:251,5
DA:252,5
DA:254,14
DA:255,14
DA:256,3
DA:257,3
DA:258,3
DA:259,3
DA:260,3
DA:261,3
DA:262,2
DA:263,2
DA:264,2
DA:265,2
DA:266,2
DA:267,2
DA:268,2
DA:269,0
DA:270,2
DA:271,2
DA:272,0
DA:273,0
DA:274,0
DA:275,2
DA:276,3
DA:277,3
DA:278,14
DA:280,5
DA:281,5
DA:282,5
DA:283,5
DA:284,5
DA:285,5
DA:286,5
DA:287,5
DA:288,5
DA:289,25
DA:290,25
DA:291,25
DA:292,25
DA:293,0
DA:294,0
DA:295,25
DA:296,5
DA:297,0
DA:298,5
DA:299,5
DA:308,2
DA:309,2
DA:310,2
BRF:0
BRH:0
LF:214
LH:191
end_of_record
SF:/Users/tobiaslekman/Repo/lekman/magsafe-buskill/MagSafeGuardTests/Models/SettingsModelTests.swift
FN:18,$s21MagSafeGuardCoreTests013SettingsModelE0C011testDefaultF0yyF
FN:21,$s21MagSafeGuardCoreTests013SettingsModelE0C011testDefaultF0yyFSdyKXEfu_
FN:21,$s21MagSafeGuardCoreTests013SettingsModelE0C011testDefaultF0yyFSdyKXEfu0_
FN:22,$s21MagSafeGuardCoreTests013SettingsModelE0C011testDefaultF0yyFSbyKXEfu1_
FN:23,$s21MagSafeGuardCoreTests013SettingsModelE0C011testDefaultF0yyFSay0abcD018SecurityActionTypeOGyKXEfu2_
FN:23,$s21MagSafeGuardCoreTests013SettingsModelE0C011testDefaultF0yyFSay0abcD018SecurityActionTypeOGyKXEfu3_
FN:24,$s21MagSafeGuardCoreTests013SettingsModelE0C011testDefaultF0yyFSbyKXEfu4_
FN:25,$s21MagSafeGuardCoreTests013SettingsModelE0C011testDefaultF0yyFSbyKXEfu5_
FN:26,$s21MagSafeGuardCoreTests013SettingsModelE0C011testDefaultF0yyFSbyKXEfu6_
FN:27,$s21MagSafeGuardCoreTests013SettingsModelE0C011testDefaultF0yyFSbyKXEfu7_
FN:28,$s21MagSafeGuardCoreTests013SettingsModelE0C011testDefaultF0yyFSbyKXEfu8_
FN:29,$s21MagSafeGuardCoreTests013SettingsModelE0C011testDefaultF0yyFSbyKXEfu9_
FN:34,$s21MagSafeGuardCoreTests013SettingsModelE0C25testGracePeriodValidationyyF
FN:40,$s21MagSafeGuardCoreTests013SettingsModelE0C25testGracePeriodValidationyyFSdyKXEfu_
FN:40,$s21MagSafeGuardCoreTests013SettingsModelE0C25testGracePeriodValidationyyFSdyKXEfu0_
FN:45,$s21MagSafeGuardCoreTests013SettingsModelE0C25testGracePeriodValidationyyFSdyKXEfu1_
FN:45,$s21MagSafeGuardCoreTests013SettingsModelE0C25testGracePeriodValidationyyFSdyKXEfu2_
FN:50,$s21MagSafeGuardCoreTests013SettingsModelE0C25testGracePeriodValidationyyFSdyKXEfu3_
FN:50,$s21MagSafeGuardCoreTests013SettingsModelE0C25testGracePeriodValidationyyFSdyKXEfu4_
FN:53,$s21MagSafeGuardCoreTests013SettingsModelE0C29testSecurityActionsValidationyyF
FN:59,$s21MagSafeGuardCoreTests013SettingsModelE0C29testSecurityActionsValidationyyFSay0abcD00I10ActionTypeOGyKXEfu_
FN:59,$s21MagSafeGuardCoreTests013SettingsModelE0C29testSecurityActionsValidationyyFSay0abcD00I10ActionTypeOGyKXEfu0_
FN:66,$s21MagSafeGuardCoreTests013SettingsModelE0C29testSecurityActionsValidationyyFSay0abcD00I10ActionTypeOGyKXEfu1_
FN:66,$s21MagSafeGuardCoreTests013SettingsModelE0C29testSecurityActionsValidationyyFSay0abcD00I10ActionTypeOGyKXEfu2_
FN:71,$s21MagSafeGuardCoreTests013SettingsModelE0C04testF16EncodingDecodingyyKF
FN:87,$s21MagSafeGuardCoreTests013SettingsModelE0C04testF16EncodingDecodingyyKFSdyKXEfu_
FN:87,$s21MagSafeGuardCoreTests013SettingsModelE0C04testF16EncodingDecodingyyKFSdyKXEfu0_
FN:88,$s21MagSafeGuardCoreTests013SettingsModelE0C04testF16EncodingDecodingyyKFSbyKXEfu1_
FN:88,$s21MagSafeGuardCoreTests013SettingsModelE0C04testF16EncodingDecodingyyKFSbyKXEfu2_
FN:89,$s21MagSafeGuardCoreTests013SettingsModelE0C04testF16EncodingDecodingyyKFSaySSGyKXEfu3_
FN:89,$s21MagSafeGuardCoreTests013SettingsModelE0C04testF16EncodingDecodingyyKFSaySSGyKXEfu4_
FN:90,$s21MagSafeGuardCoreTests013SettingsModelE0C04testF16EncodingDecodingyyKFSaySSGyKXEfu5_
FN:90,$s21MagSafeGuardCoreTests013SettingsModelE0C04testF16EncodingDecodingyyKFSaySSGyKXEfu6_
FN:91,$s21MagSafeGuardCoreTests013SettingsModelE0C04testF16EncodingDecodingyyKFSbyKXEfu7_
FN:91,$s21MagSafeGuardCoreTests013SettingsModelE0C04testF16EncodingDecodingyyKFSbyKXEfu8_
FN:96,$s21MagSafeGuardCoreTests013SettingsModelE0C32testSecurityActionTypePropertiesyyF
FN:98,$s21MagSafeGuardCoreTests013SettingsModelE0C32testSecurityActionTypePropertiesyyFSSyKXEfu_
FN:98,$s21MagSafeGuardCoreTests013SettingsModelE0C32testSecurityActionTypePropertiesyyFSSyKXEfu0_
FN:99,$s21MagSafeGuardCoreTests013SettingsModelE0C32testSecurityActionTypePropertiesyyFSSyKXEfu1_
FN:99,$s21MagSafeGuardCoreTests013SettingsModelE0C32testSecurityActionTypePropertiesyyFSSyKXEfu2_
FN:100,$s21MagSafeGuardCoreTests013SettingsModelE0C32testSecurityActionTypePropertiesyyFSSyKXEfu3_
FN:100,$s21MagSafeGuardCoreTests013SettingsModelE0C32testSecurityActionTypePropertiesyyFSSyKXEfu4_
FN:101,$s21MagSafeGuardCoreTests013SettingsModelE0C32testSecurityActionTypePropertiesyyFSSyKXEfu5_
FN:101,$s21MagSafeGuardCoreTests013SettingsModelE0C32testSecurityActionTypePropertiesyyFSSyKXEfu6_
FN:102,$s21MagSafeGuardCoreTests013SettingsModelE0C32testSecurityActionTypePropertiesyyFSSyKXEfu7_
FN:102,$s21MagSafeGuardCoreTests013SettingsModelE0C32testSecurityActionTypePropertiesyyFSSyKXEfu8_
FN:103,$s21MagSafeGuardCoreTests013SettingsModelE0C32testSecurityActionTypePropertiesyyFSSyKXEfu9_
FN:103,$s21MagSafeGuardCoreTests013SettingsModelE0C32testSecurityActionTypePropertiesyyFSSyKXEfu10_
FN:106,$s21MagSafeGuardCoreTests013SettingsModelE0C32testSecurityActionTypePropertiesyyFSbyKXEfu11_
FN:107,$s21MagSafeGuardCoreTests013SettingsModelE0C32testSecurityActionTypePropertiesyyFSbyKXEfu12_
FN:110,$s21MagSafeGuardCoreTests013SettingsModelE0C32testSecurityActionTypePropertiesyyFSSyKXEfu13_
FN:110,$s21MagSafeGuardCoreTests013SettingsModelE0C32testSecurityActionTypePropertiesyyFSSyKXEfu14_
FN:111,$s21MagSafeGuardCoreTests013SettingsModelE0C32testSecurityActionTypePropertiesyyFSSyKXEfu15_
FN:111,$s21MagSafeGuardCoreTests013SettingsModelE0C32testSecurityActionTypePropertiesyyFSSyKXEfu16_
FN:112,$s21MagSafeGuardCoreTests013SettingsModelE0C32testSecurityActionTypePropertiesyyFSSyKXEfu17_
FN:112,$s21MagSafeGuardCoreTests013SettingsModelE0C32testSecurityActionTypePropertiesyyFSSyKXEfu18_
FN:115,$s21MagSafeGuardCoreTests013SettingsModelE0C29testSecurityActionTypeCodableyyKF
FN:124,$s21MagSafeGuardCoreTests013SettingsModelE0C29testSecurityActionTypeCodableyyKFSay0abcD00ijK0OGyKXEfu_
FN:124,$s21MagSafeGuardCoreTests013SettingsModelE0C29testSecurityActionTypeCodableyyKFSay0abcD00ijK0OGyKXEfu0_
FN:129,$s21MagSafeGuardCoreTests013SettingsModelE0C04testF9EquatableyyF
FN:133,$s21MagSafeGuardCoreTests013SettingsModelE0C04testF9EquatableyyF0abcD00F0VyKXEfu_
FN:133,$s21MagSafeGuardCoreTests013SettingsModelE0C04testF9EquatableyyF0abcD00F0VyKXEfu0_
FN:138,$s21MagSafeGuardCoreTests013SettingsModelE0C04testF9EquatableyyF0abcD00F0VyKXEfu1_
FN:138,$s21MagSafeGuardCoreTests013SettingsModelE0C04testF9EquatableyyF0abcD00F0VyKXEfu2_
FNDA:1,$s21MagSafeGuardCoreTests013SettingsModelE0C011testDefaultF0yyF
FNDA:1,$s21MagSafeGuardCoreTests013SettingsModelE0C011testDefaultF0yyFSdyKXEfu_
FNDA:1,$s21MagSafeGuardCoreTests013SettingsModelE0C011testDefaultF0yyFSdyKXEfu0_
FNDA:1,$s21MagSafeGuardCoreTests013SettingsModelE0C011testDefaultF0yyFSbyKXEfu1_
FNDA:1,$s21MagSafeGuardCoreTests013SettingsModelE0C011testDefaultF0yyFSay0abcD018SecurityActionTypeOGyKXEfu2_
FNDA:1,$s21MagSafeGuardCoreTests013SettingsModelE0C011testDefaultF0yyFSay0abcD018SecurityActionTypeOGyKXEfu3_
FNDA:1,$s21MagSafeGuardCoreTests013SettingsModelE0C011testDefaultF0yyFSbyKXEfu4_
FNDA:1,$s21MagSafeGuardCoreTests013SettingsModelE0C011testDefaultF0yyFSbyKXEfu5_
FNDA:1,$s21MagSafeGuardCoreTests013SettingsModelE0C011testDefaultF0yyFSbyKXEfu6_
FNDA:1,$s21MagSafeGuardCoreTests013SettingsModelE0C011testDefaultF0yyFSbyKXEfu7_
FNDA:1,$s21MagSafeGuardCoreTests013SettingsModelE0C011testDefaultF0yyFSbyKXEfu8_
FNDA:1,$s21MagSafeGuardCoreTests013SettingsModelE0C011testDefaultF0yyFSbyKXEfu9_
FNDA:1,$s21MagSafeGuardCoreTests013SettingsModelE0C25testGracePeriodValidationyyF
FNDA:1,$s21MagSafeGuardCoreTests013SettingsModelE0C25testGracePeriodValidationyyFSdyKXEfu_
FNDA:1,$s21MagSafeGuardCoreTests013SettingsModelE0C25testGracePeriodValidationyyFSdyKXEfu0_
FNDA:1,$s21MagSafeGuardCoreTests013SettingsModelE0C25testGracePeriodValidationyyFSdyKXEfu1_
FNDA:1,$s21MagSafeGuardCoreTests013SettingsModelE0C25testGracePeriodValidationyyFSdyKXEfu2_
FNDA:1,$s21MagSafeGuardCoreTests013SettingsModelE0C25testGracePeriodValidationyyFSdyKXEfu3_
FNDA:1,$s21MagSafeGuardCoreTests013SettingsModelE0C25testGracePeriodValidationyyFSdyKXEfu4_
FNDA:1,$s21MagSafeGuardCoreTests013SettingsModelE0C29testSecurityActionsValidationyyF
FNDA:1,$s21MagSafeGuardCoreTests013SettingsModelE0C29testSecurityActionsValidationyyFSay0abcD00I10ActionTypeOGyKXEfu_
FNDA:1,$s21MagSafeGuardCoreTests013SettingsModelE0C29testSecurityActionsValidationyyFSay0abcD00I10ActionTypeOGyKXEfu0_
FNDA:1,$s21MagSafeGuardCoreTests013SettingsModelE0C29testSecurityActionsValidationyyFSay0abcD00I10ActionTypeOGyKXEfu1_
FNDA:1,$s21MagSafeGuardCoreTests013SettingsModelE0C29testSecurityActionsValidationyyFSay0abcD00I10ActionTypeOGyKXEfu2_
FNDA:1,$s21MagSafeGuardCoreTests013SettingsModelE0C04testF16EncodingDecodingyyKF
FNDA:1,$s21MagSafeGuardCoreTests013SettingsModelE0C04testF16EncodingDecodingyyKFSdyKXEfu_
FNDA:1,$s21MagSafeGuardCoreTests013SettingsModelE0C04testF16EncodingDecodingyyKFSdyKXEfu0_
FNDA:1,$s21MagSafeGuardCoreTests013SettingsModelE0C04testF16EncodingDecodingyyKFSbyKXEfu1_
FNDA:1,$s21MagSafeGuardCoreTests013SettingsModelE0C04testF16EncodingDecodingyyKFSbyKXEfu2_
FNDA:1,$s21MagSafeGuardCoreTests013SettingsModelE0C04testF16EncodingDecodingyyKFSaySSGyKXEfu3_
FNDA:1,$s21MagSafeGuardCoreTests013SettingsModelE0C04testF16EncodingDecodingyyKFSaySSGyKXEfu4_
FNDA:1,$s21MagSafeGuardCoreTests013SettingsModelE0C04testF16EncodingDecodingyyKFSaySSGyKXEfu5_
FNDA:1,$s21MagSafeGuardCoreTests013SettingsModelE0C04testF16EncodingDecodingyyKFSaySSGyKXEfu6_
FNDA:1,$s21MagSafeGuardCoreTests013SettingsModelE0C04testF16EncodingDecodingyyKFSbyKXEfu7_
FNDA:1,$s21MagSafeGuardCoreTests013SettingsModelE0C04testF16EncodingDecodingyyKFSbyKXEfu8_
FNDA:1,$s21MagSafeGuardCoreTests013SettingsModelE0C32testSecurityActionTypePropertiesyyF
FNDA:1,$s21MagSafeGuardCoreTests013SettingsModelE0C32testSecurityActionTypePropertiesyyFSSyKXEfu_
FNDA:1,$s21MagSafeGuardCoreTests013SettingsModelE0C32testSecurityActionTypePropertiesyyFSSyKXEfu0_
FNDA:1,$s21MagSafeGuardCoreTests013SettingsModelE0C32testSecurityActionTypePropertiesyyFSSyKXEfu1_
FNDA:1,$s21MagSafeGuardCoreTests013SettingsModelE0C32testSecurityActionTypePropertiesyyFSSyKXEfu2_
FNDA:1,$s21MagSafeGuardCoreTests013SettingsModelE0C32testSecurityActionTypePropertiesyyFSSyKXEfu3_
FNDA:1,$s21MagSafeGuardCoreTests013SettingsModelE0C32testSecurityActionTypePropertiesyyFSSyKXEfu4_
FNDA:1,$s21MagSafeGuardCoreTests013SettingsModelE0C32testSecurityActionTypePropertiesyyFSSyKXEfu5_
FNDA:1,$s21MagSafeGuardCoreTests013SettingsModelE0C32testSecurityActionTypePropertiesyyFSSyKXEfu6_
FNDA:1,$s21MagSafeGuardCoreTests013SettingsModelE0C32testSecurityActionTypePropertiesyyFSSyKXEfu7_
FNDA:1,$s21MagSafeGuardCoreTests013SettingsModelE0C32testSecurityActionTypePropertiesyyFSSyKXEfu8_
FNDA:1,$s21MagSafeGuardCoreTests013SettingsModelE0C32testSecurityActionTypePropertiesyyFSSyKXEfu9_
FNDA:1,$s21MagSafeGuardCoreTests013SettingsModelE0C32testSecurityActionTypePropertiesyyFSSyKXEfu10_
FNDA:1,$s21MagSafeGuardCoreTests013SettingsModelE0C32testSecurityActionTypePropertiesyyFSbyKXEfu11_
FNDA:1,$s21MagSafeGuardCoreTests013SettingsModelE0C32testSecurityActionTypePropertiesyyFSbyKXEfu12_
FNDA:1,$s21MagSafeGuardCoreTests013SettingsModelE0C32testSecurityActionTypePropertiesyyFSSyKXEfu13_
FNDA:1,$s21MagSafeGuardCoreTests013SettingsModelE0C32testSecurityActionTypePropertiesyyFSSyKXEfu14_
FNDA:1,$s21MagSafeGuardCoreTests013SettingsModelE0C32testSecurityActionTypePropertiesyyFSSyKXEfu15_
FNDA:1,$s21MagSafeGuardCoreTests013SettingsModelE0C32testSecurityActionTypePropertiesyyFSSyKXEfu16_
FNDA:1,$s21MagSafeGuardCoreTests013SettingsModelE0C32testSecurityActionTypePropertiesyyFSSyKXEfu17_
FNDA:1,$s21MagSafeGuardCoreTests013SettingsModelE0C32testSecurityActionTypePropertiesyyFSSyKXEfu18_
FNDA:1,$s21MagSafeGuardCoreTests013SettingsModelE0C29testSecurityActionTypeCodableyyKF
FNDA:1,$s21MagSafeGuardCoreTests013SettingsModelE0C29testSecurityActionTypeCodableyyKFSay0abcD00ijK0OGyKXEfu_
FNDA:1,$s21MagSafeGuardCoreTests013SettingsModelE0C29testSecurityActionTypeCodableyyKFSay0abcD00ijK0OGyKXEfu0_
FNDA:1,$s21MagSafeGuardCoreTests013SettingsModelE0C04testF9EquatableyyF
FNDA:1,$s21MagSafeGuardCoreTests013SettingsModelE0C04testF9EquatableyyF0abcD00F0VyKXEfu_
FNDA:1,$s21MagSafeGuardCoreTests013SettingsModelE0C04testF9EquatableyyF0abcD00F0VyKXEfu0_
FNDA:1,$s21MagSafeGuardCoreTests013SettingsModelE0C04testF9EquatableyyF0abcD00F0VyKXEfu1_
FNDA:1,$s21MagSafeGuardCoreTests013SettingsModelE0C04testF9EquatableyyF0abcD00F0VyKXEfu2_
FNF:64
FNH:64
DA:18,1
DA:19,1
DA:20,1
DA:21,1
DA:22,1
DA:23,1
DA:24,1
DA:25,1
DA:26,1
DA:27,1
DA:28,1
DA:29,1
DA:30,1
DA:34,1
DA:35,1
DA:36,1
DA:37,1
DA:38,1
DA:39,1
DA:40,1
DA:41,1
DA:42,1
DA:43,1
DA:44,1
DA:45,1
DA:46,1
DA:47,1
DA:48,1
DA:49,1
DA:50,1
DA:51,1
DA:53,1
DA:54,1
DA:55,1
DA:56,1
DA:57,1
DA:58,1
DA:59,1
DA:60,1
DA:61,1
DA:62,1
DA:63,1
DA:64,1
DA:65,1
DA:66,1
DA:67,1
DA:71,1
DA:72,1
DA:73,1
DA:74,1
DA:75,1
DA:76,1
DA:77,1
DA:78,1
DA:79,1
DA:80,1
DA:81,1
DA:82,1
DA:83,1
DA:84,1
DA:85,1
DA:86,1
DA:87,1
DA:88,1
DA:89,1
DA:90,1
DA:91,1
DA:92,1
DA:96,1
DA:97,1
DA:98,1
DA:99,1
DA:100,1
DA:101,1
DA:102,1
DA:103,1
DA:104,1
DA:105,1
DA:106,1
DA:107,1
DA:108,1
DA:109,1
DA:110,1
DA:111,1
DA:112,1
DA:113,1
DA:115,1
DA:116,1
DA:117,1
DA:118,1
DA:119,1
DA:120,1
DA:121,1
DA:122,1
DA:123,1
DA:124,1
DA:125,1
DA:129,1
DA:130,1
DA:131,1
DA:132,1
DA:133,1
DA:134,1
DA:135,1
DA:136,1
DA:137,1
DA:138,1
DA:139,1
BRF:0
BRH:0
LF:165
LH:165
end_of_record
SF:/Users/tobiaslekman/Repo/lekman/magsafe-buskill/MagSafeGuardTests/Utilities/FeatureFlagsTests.swift
FN:14,$s21MagSafeGuardCoreTests012FeatureFlagsE0C5setUpyyF
FN:20,$s21MagSafeGuardCoreTests012FeatureFlagsE0C8tearDownyyF
FN:29,$s21MagSafeGuardCoreTests012FeatureFlagsE0C29testSharedInstanceIsSingletonyyF
FN:32,$s21MagSafeGuardCoreTests012FeatureFlagsE0C29testSharedInstanceIsSingletonyyFSbyKXEfu_
FN:32,$s21MagSafeGuardCoreTests012FeatureFlagsE0C29testSharedInstanceIsSingletonyyFSSyXEfu0_
FN:37,$s21MagSafeGuardCoreTests012FeatureFlagsE0C21testDefaultFlagValuesyyF
FN:50,$s21MagSafeGuardCoreTests012FeatureFlagsE0C21testDefaultFlagValuesyyFSbyKXEfu_
FN:51,$s21MagSafeGuardCoreTests012FeatureFlagsE0C21testDefaultFlagValuesyyFSSyXEfu0_
FN:56,$s21MagSafeGuardCoreTests012FeatureFlagsE0C21testDefaultFlagValuesyyFypSgyKXEfu1_
FN:57,$s21MagSafeGuardCoreTests012FeatureFlagsE0C21testDefaultFlagValuesyyFypSgyKXEfu2_
FN:60,$s21MagSafeGuardCoreTests012FeatureFlagsE0C20testFlagDescriptionsyyF
FN:64,$s21MagSafeGuardCoreTests012FeatureFlagsE0C20testFlagDescriptionsyyFSbyKXEfu_
FN:65,$s21MagSafeGuardCoreTests012FeatureFlagsE0C20testFlagDescriptionsyyFSSyXEfu0_
FN:71,$s21MagSafeGuardCoreTests012FeatureFlagsE0C18testSetFlagEnabledyyF
FN:73,$s21MagSafeGuardCoreTests012FeatureFlagsE0C18testSetFlagEnabledyyFSbyKXEfu_
FN:76,$s21MagSafeGuardCoreTests012FeatureFlagsE0C18testSetFlagEnabledyyFSbyKXEfu0_
FN:79,$s21MagSafeGuardCoreTests012FeatureFlagsE0C010testGetAllG0yyF
FN:81,$s21MagSafeGuardCoreTests012FeatureFlagsE0C010testGetAllG0yyFSiyKXEfu_
FN:81,$s21MagSafeGuardCoreTests012FeatureFlagsE0C010testGetAllG0yyFSiyKXEfu0_
FN:85,$s21MagSafeGuardCoreTests012FeatureFlagsE0C010testGetAllG0yyFSbyKXEfu1_
FN:89,$s21MagSafeGuardCoreTests012FeatureFlagsE0C022testAreEnabledMultipleG0yyF
FN:91,$s21MagSafeGuardCoreTests012FeatureFlagsE0C022testAreEnabledMultipleG0yyFSbyKXEfu_
FN:95,$s21MagSafeGuardCoreTests012FeatureFlagsE0C022testAreEnabledMultipleG0yyFSbyKXEfu0_
FN:98,$s21MagSafeGuardCoreTests012FeatureFlagsE0C024testIsAnyEnabledMultipleG0yyF
FN:100,$s21MagSafeGuardCoreTests012FeatureFlagsE0C024testIsAnyEnabledMultipleG0yyFSbyKXEfu_
FN:105,$s21MagSafeGuardCoreTests012FeatureFlagsE0C024testIsAnyEnabledMultipleG0yyFSbyKXEfu0_
FN:109,$s21MagSafeGuardCoreTests012FeatureFlagsE0C024testIsAnyEnabledMultipleG0yyFSbyKXEfu1_
FN:114,$s21MagSafeGuardCoreTests012FeatureFlagsE0C25testConveniencePropertiesyyF
FN:116,$s21MagSafeGuardCoreTests012FeatureFlagsE0C25testConveniencePropertiesyyFSbyKXEfu_
FN:117,$s21MagSafeGuardCoreTests012FeatureFlagsE0C25testConveniencePropertiesyyFSbyKXEfu0_
FN:119,$s21MagSafeGuardCoreTests012FeatureFlagsE0C25testConveniencePropertiesyyFSbyKXEfu1_
FN:120,$s21MagSafeGuardCoreTests012FeatureFlagsE0C25testConveniencePropertiesyyFSbyKXEfu2_
FN:122,$s21MagSafeGuardCoreTests012FeatureFlagsE0C25testConveniencePropertiesyyFSbyKXEfu3_
FN:123,$s21MagSafeGuardCoreTests012FeatureFlagsE0C25testConveniencePropertiesyyFSbyKXEfu4_
FN:125,$s21MagSafeGuardCoreTests012FeatureFlagsE0C25testConveniencePropertiesyyFSbyKXEfu5_
FN:126,$s21MagSafeGuardCoreTests012FeatureFlagsE0C25testConveniencePropertiesyyFSbyKXEfu6_
FN:128,$s21MagSafeGuardCoreTests012FeatureFlagsE0C25testConveniencePropertiesyyFSbyKXEfu7_
FN:129,$s21MagSafeGuardCoreTests012FeatureFlagsE0C25testConveniencePropertiesyyFSbyKXEfu8_
FN:131,$s21MagSafeGuardCoreTests012FeatureFlagsE0C25testConveniencePropertiesyyFSbyKXEfu9_
FN:132,$s21MagSafeGuardCoreTests012FeatureFlagsE0C25testConveniencePropertiesyyFSbyKXEfu10_
FN:134,$s21MagSafeGuardCoreTests012FeatureFlagsE0C25testConveniencePropertiesyyFSbyKXEfu11_
FN:135,$s21MagSafeGuardCoreTests012FeatureFlagsE0C25testConveniencePropertiesyyFSbyKXEfu12_
FN:137,$s21MagSafeGuardCoreTests012FeatureFlagsE0C25testConveniencePropertiesyyFSbyKXEfu13_
FN:138,$s21MagSafeGuardCoreTests012FeatureFlagsE0C25testConveniencePropertiesyyFSbyKXEfu14_
FN:140,$s21MagSafeGuardCoreTests012FeatureFlagsE0C25testConveniencePropertiesyyFSbyKXEfu15_
FN:141,$s21MagSafeGuardCoreTests012FeatureFlagsE0C25testConveniencePropertiesyyFSbyKXEfu16_
FN:143,$s21MagSafeGuardCoreTests012FeatureFlagsE0C25testConveniencePropertiesyyFSbyKXEfu17_
FN:144,$s21MagSafeGuardCoreTests012FeatureFlagsE0C25testConveniencePropertiesyyFSbyKXEfu18_
FN:146,$s21MagSafeGuardCoreTests012FeatureFlagsE0C25testConveniencePropertiesyyFSbyKXEfu19_
FN:147,$s21MagSafeGuardCoreTests012FeatureFlagsE0C25testConveniencePropertiesyyFSbyKXEfu20_
FN:149,$s21MagSafeGuardCoreTests012FeatureFlagsE0C25testConveniencePropertiesyyFSbyKXEfu21_
FN:150,$s21MagSafeGuardCoreTests012FeatureFlagsE0C25testConveniencePropertiesyyFSbyKXEfu22_
FN:155,$s21MagSafeGuardCoreTests012FeatureFlagsE0C14testSaveToJSONyyKF
FN:166,$s21MagSafeGuardCoreTests012FeatureFlagsE0C14testSaveToJSONyyKFSbyKXEfu_
FN:172,$s21MagSafeGuardCoreTests012FeatureFlagsE0C14testSaveToJSONyyKFSbSgyKXEfu0_
FN:172,$s21MagSafeGuardCoreTests012FeatureFlagsE0C14testSaveToJSONyyKFSbSgyKXEfu1_
FN:173,$s21MagSafeGuardCoreTests012FeatureFlagsE0C14testSaveToJSONyyKFSbSgyKXEfu2_
FN:173,$s21MagSafeGuardCoreTests012FeatureFlagsE0C14testSaveToJSONyyKFSbSgyKXEfu3_
FN:174,$s21MagSafeGuardCoreTests012FeatureFlagsE0C14testSaveToJSONyyKFSbSgyKXEfu4_
FN:174,$s21MagSafeGuardCoreTests012FeatureFlagsE0C14testSaveToJSONyyKFSbSgyKXEfu5_
FN:177,$s21MagSafeGuardCoreTests012FeatureFlagsE0C16testLoadFromJSONyyKF
FN:196,$s21MagSafeGuardCoreTests012FeatureFlagsE0C16testLoadFromJSONyyKFSbyKXEfu_
FN:197,$s21MagSafeGuardCoreTests012FeatureFlagsE0C16testLoadFromJSONyyKFSbyKXEfu0_
FN:198,$s21MagSafeGuardCoreTests012FeatureFlagsE0C16testLoadFromJSONyyKFSbyKXEfu1_
FN:206,$s21MagSafeGuardCoreTests012FeatureFlagsE0C10testExportyyF
FN:210,$s21MagSafeGuardCoreTests012FeatureFlagsE0C10testExportyyFypSgyKXEfu_
FN:212,$s21MagSafeGuardCoreTests012FeatureFlagsE0C10testExportyyFSSSgyKXEfu0_
FN:212,$s21MagSafeGuardCoreTests012FeatureFlagsE0C10testExportyyFSSSgyKXEfu1_
FN:213,$s21MagSafeGuardCoreTests012FeatureFlagsE0C10testExportyyFypSgyKXEfu2_
FN:214,$s21MagSafeGuardCoreTests012FeatureFlagsE0C10testExportyyFypSgyKXEfu3_
FN:217,$s21MagSafeGuardCoreTests012FeatureFlagsE0C10testExportyyFypSgyKXEfu4_
FN:218,$s21MagSafeGuardCoreTests012FeatureFlagsE0C10testExportyyFypSgyKXEfu5_
FN:219,$s21MagSafeGuardCoreTests012FeatureFlagsE0C10testExportyyFypSgyKXEfu6_
FN:222,$s21MagSafeGuardCoreTests012FeatureFlagsE0C10testExportyyFSDySSSbGyKXEfu7_
FN:223,$s21MagSafeGuardCoreTests012FeatureFlagsE0C10testExportyyFypSgyKXEfu8_
FN:224,$s21MagSafeGuardCoreTests012FeatureFlagsE0C10testExportyyFypSgyKXEfu9_
FN:226,$s21MagSafeGuardCoreTests012FeatureFlagsE0C10testExportyyFSDySSSbGyKXEfu10_
FN:227,$s21MagSafeGuardCoreTests012FeatureFlagsE0C10testExportyyFypSgyKXEfu11_
FN:228,$s21MagSafeGuardCoreTests012FeatureFlagsE0C10testExportyyFypSgyKXEfu12_
FN:233,$s21MagSafeGuardCoreTests012FeatureFlagsE0C20testConcurrentAccessyyF
FN:241,$s21MagSafeGuardCoreTests012FeatureFlagsE0C20testConcurrentAccessyyFyyYbcfU_
FN:258,$s21MagSafeGuardCoreTests012FeatureFlagsE0C31testEnvironmentVariableOverrideyyF
FN:277,$s21MagSafeGuardCoreTests012FeatureFlagsE0C31testEnvironmentVariableOverrideyyFSbyKXEfu_
FNDA:13,$s21MagSafeGuardCoreTests012FeatureFlagsE0C5setUpyyF
FNDA:13,$s21MagSafeGuardCoreTests012FeatureFlagsE0C8tearDownyyF
FNDA:1,$s21MagSafeGuardCoreTests012FeatureFlagsE0C29testSharedInstanceIsSingletonyyF
FNDA:1,$s21MagSafeGuardCoreTests012FeatureFlagsE0C29testSharedInstanceIsSingletonyyFSbyKXEfu_
FNDA:0,$s21MagSafeGuardCoreTests012FeatureFlagsE0C29testSharedInstanceIsSingletonyyFSSyXEfu0_
FNDA:1,$s21MagSafeGuardCoreTests012FeatureFlagsE0C21testDefaultFlagValuesyyF
FNDA:13,$s21MagSafeGuardCoreTests012FeatureFlagsE0C21testDefaultFlagValuesyyFSbyKXEfu_
FNDA:0,$s21MagSafeGuardCoreTests012FeatureFlagsE0C21testDefaultFlagValuesyyFSSyXEfu0_
FNDA:1,$s21MagSafeGuardCoreTests012FeatureFlagsE0C21testDefaultFlagValuesyyFypSgyKXEfu1_
FNDA:1,$s21MagSafeGuardCoreTests012FeatureFlagsE0C21testDefaultFlagValuesyyFypSgyKXEfu2_
FNDA:1,$s21MagSafeGuardCoreTests012FeatureFlagsE0C20testFlagDescriptionsyyF
FNDA:15,$s21MagSafeGuardCoreTests012FeatureFlagsE0C20testFlagDescriptionsyyFSbyKXEfu_
FNDA:0,$s21MagSafeGuardCoreTests012FeatureFlagsE0C20testFlagDescriptionsyyFSSyXEfu0_
FNDA:1,$s21MagSafeGuardCoreTests012FeatureFlagsE0C18testSetFlagEnabledyyF
FNDA:1,$s21MagSafeGuardCoreTests012FeatureFlagsE0C18testSetFlagEnabledyyFSbyKXEfu_
FNDA:1,$s21MagSafeGuardCoreTests012FeatureFlagsE0C18testSetFlagEnabledyyFSbyKXEfu0_
FNDA:1,$s21MagSafeGuardCoreTests012FeatureFlagsE0C010testGetAllG0yyF
FNDA:1,$s21MagSafeGuardCoreTests012FeatureFlagsE0C010testGetAllG0yyFSiyKXEfu_
FNDA:1,$s21MagSafeGuardCoreTests012FeatureFlagsE0C010testGetAllG0yyFSiyKXEfu0_
FNDA:15,$s21MagSafeGuardCoreTests012FeatureFlagsE0C010testGetAllG0yyFSbyKXEfu1_
FNDA:1,$s21MagSafeGuardCoreTests012FeatureFlagsE0C022testAreEnabledMultipleG0yyF
FNDA:1,$s21MagSafeGuardCoreTests012FeatureFlagsE0C022testAreEnabledMultipleG0yyFSbyKXEfu_
FNDA:1,$s21MagSafeGuardCoreTests012FeatureFlagsE0C022testAreEnabledMultipleG0yyFSbyKXEfu0_
FNDA:1,$s21MagSafeGuardCoreTests012FeatureFlagsE0C024testIsAnyEnabledMultipleG0yyF
FNDA:1,$s21MagSafeGuardCoreTests012FeatureFlagsE0C024testIsAnyEnabledMultipleG0yyFSbyKXEfu_
FNDA:1,$s21MagSafeGuardCoreTests012FeatureFlagsE0C024testIsAnyEnabledMultipleG0yyFSbyKXEfu0_
FNDA:1,$s21MagSafeGuardCoreTests012FeatureFlagsE0C024testIsAnyEnabledMultipleG0yyFSbyKXEfu1_
FNDA:1,$s21MagSafeGuardCoreTests012FeatureFlagsE0C25testConveniencePropertiesyyF
FNDA:1,$s21MagSafeGuardCoreTests012FeatureFlagsE0C25testConveniencePropertiesyyFSbyKXEfu_
FNDA:1,$s21MagSafeGuardCoreTests012FeatureFlagsE0C25testConveniencePropertiesyyFSbyKXEfu0_
FNDA:1,$s21MagSafeGuardCoreTests012FeatureFlagsE0C25testConveniencePropertiesyyFSbyKXEfu1_
FNDA:1,$s21MagSafeGuardCoreTests012FeatureFlagsE0C25testConveniencePropertiesyyFSbyKXEfu2_
FNDA:1,$s21MagSafeGuardCoreTests012FeatureFlagsE0C25testConveniencePropertiesyyFSbyKXEfu3_
FNDA:1,$s21MagSafeGuardCoreTests012FeatureFlagsE0C25testConveniencePropertiesyyFSbyKXEfu4_
FNDA:1,$s21MagSafeGuardCoreTests012FeatureFlagsE0C25testConveniencePropertiesyyFSbyKXEfu5_
FNDA:1,$s21MagSafeGuardCoreTests012FeatureFlagsE0C25testConveniencePropertiesyyFSbyKXEfu6_
FNDA:1,$s21MagSafeGuardCoreTests012FeatureFlagsE0C25testConveniencePropertiesyyFSbyKXEfu7_
FNDA:1,$s21MagSafeGuardCoreTests012FeatureFlagsE0C25testConveniencePropertiesyyFSbyKXEfu8_
FNDA:1,$s21MagSafeGuardCoreTests012FeatureFlagsE0C25testConveniencePropertiesyyFSbyKXEfu9_
FNDA:1,$s21MagSafeGuardCoreTests012FeatureFlagsE0C25testConveniencePropertiesyyFSbyKXEfu10_
FNDA:1,$s21MagSafeGuardCoreTests012FeatureFlagsE0C25testConveniencePropertiesyyFSbyKXEfu11_
FNDA:1,$s21MagSafeGuardCoreTests012FeatureFlagsE0C25testConveniencePropertiesyyFSbyKXEfu12_
FNDA:1,$s21MagSafeGuardCoreTests012FeatureFlagsE0C25testConveniencePropertiesyyFSbyKXEfu13_
FNDA:1,$s21MagSafeGuardCoreTests012FeatureFlagsE0C25testConveniencePropertiesyyFSbyKXEfu14_
FNDA:1,$s21MagSafeGuardCoreTests012FeatureFlagsE0C25testConveniencePropertiesyyFSbyKXEfu15_
FNDA:1,$s21MagSafeGuardCoreTests012FeatureFlagsE0C25testConveniencePropertiesyyFSbyKXEfu16_
FNDA:1,$s21MagSafeGuardCoreTests012FeatureFlagsE0C25testConveniencePropertiesyyFSbyKXEfu17_
FNDA:1,$s21MagSafeGuardCoreTests012FeatureFlagsE0C25testConveniencePropertiesyyFSbyKXEfu18_
FNDA:1,$s21MagSafeGuardCoreTests012FeatureFlagsE0C25testConveniencePropertiesyyFSbyKXEfu19_
FNDA:1,$s21MagSafeGuardCoreTests012FeatureFlagsE0C25testConveniencePropertiesyyFSbyKXEfu20_
FNDA:1,$s21MagSafeGuardCoreTests012FeatureFlagsE0C25testConveniencePropertiesyyFSbyKXEfu21_
FNDA:1,$s21MagSafeGuardCoreTests012FeatureFlagsE0C25testConveniencePropertiesyyFSbyKXEfu22_
FNDA:1,$s21MagSafeGuardCoreTests012FeatureFlagsE0C14testSaveToJSONyyKF
FNDA:1,$s21MagSafeGuardCoreTests012FeatureFlagsE0C14testSaveToJSONyyKFSbyKXEfu_
FNDA:1,$s21MagSafeGuardCoreTests012FeatureFlagsE0C14testSaveToJSONyyKFSbSgyKXEfu0_
FNDA:1,$s21MagSafeGuardCoreTests012FeatureFlagsE0C14testSaveToJSONyyKFSbSgyKXEfu1_
FNDA:1,$s21MagSafeGuardCoreTests012FeatureFlagsE0C14testSaveToJSONyyKFSbSgyKXEfu2_
FNDA:1,$s21MagSafeGuardCoreTests012FeatureFlagsE0C14testSaveToJSONyyKFSbSgyKXEfu3_
FNDA:1,$s21MagSafeGuardCoreTests012FeatureFlagsE0C14testSaveToJSONyyKFSbSgyKXEfu4_
FNDA:1,$s21MagSafeGuardCoreTests012FeatureFlagsE0C14testSaveToJSONyyKFSbSgyKXEfu5_
FNDA:1,$s21MagSafeGuardCoreTests012FeatureFlagsE0C16testLoadFromJSONyyKF
FNDA:1,$s21MagSafeGuardCoreTests012FeatureFlagsE0C16testLoadFromJSONyyKFSbyKXEfu_
FNDA:1,$s21MagSafeGuardCoreTests012FeatureFlagsE0C16testLoadFromJSONyyKFSbyKXEfu0_
FNDA:1,$s21MagSafeGuardCoreTests012FeatureFlagsE0C16testLoadFromJSONyyKFSbyKXEfu1_
FNDA:1,$s21MagSafeGuardCoreTests012FeatureFlagsE0C10testExportyyF
FNDA:1,$s21MagSafeGuardCoreTests012FeatureFlagsE0C10testExportyyFypSgyKXEfu_
FNDA:1,$s21MagSafeGuardCoreTests012FeatureFlagsE0C10testExportyyFSSSgyKXEfu0_
FNDA:1,$s21MagSafeGuardCoreTests012FeatureFlagsE0C10testExportyyFSSSgyKXEfu1_
FNDA:1,$s21MagSafeGuardCoreTests012FeatureFlagsE0C10testExportyyFypSgyKXEfu2_
FNDA:1,$s21MagSafeGuardCoreTests012FeatureFlagsE0C10testExportyyFypSgyKXEfu3_
FNDA:1,$s21MagSafeGuardCoreTests012FeatureFlagsE0C10testExportyyFypSgyKXEfu4_
FNDA:1,$s21MagSafeGuardCoreTests012FeatureFlagsE0C10testExportyyFypSgyKXEfu5_
FNDA:1,$s21MagSafeGuardCoreTests012FeatureFlagsE0C10testExportyyFypSgyKXEfu6_
FNDA:0,$s21MagSafeGuardCoreTests012FeatureFlagsE0C10testExportyyFSDySSSbGyKXEfu7_
FNDA:1,$s21MagSafeGuardCoreTests012FeatureFlagsE0C10testExportyyFypSgyKXEfu8_
FNDA:1,$s21MagSafeGuardCoreTests012FeatureFlagsE0C10testExportyyFypSgyKXEfu9_
FNDA:0,$s21MagSafeGuardCoreTests012FeatureFlagsE0C10testExportyyFSDySSSbGyKXEfu10_
FNDA:1,$s21MagSafeGuardCoreTests012FeatureFlagsE0C10testExportyyFypSgyKXEfu11_
FNDA:1,$s21MagSafeGuardCoreTests012FeatureFlagsE0C10testExportyyFypSgyKXEfu12_
FNDA:1,$s21MagSafeGuardCoreTests012FeatureFlagsE0C20testConcurrentAccessyyF
FNDA:99,$s21MagSafeGuardCoreTests012FeatureFlagsE0C20testConcurrentAccessyyFyyYbcfU_
FNDA:1,$s21MagSafeGuardCoreTests012FeatureFlagsE0C31testEnvironmentVariableOverrideyyF
FNDA:1,$s21MagSafeGuardCoreTests012FeatureFlagsE0C31testEnvironmentVariableOverrideyyFSbyKXEfu_
FNF:83
FNH:78
DA:14,13
DA:15,13
DA:16,13
DA:17,13
DA:18,13
DA:20,13
DA:21,13
DA:22,13
DA:23,13
DA:24,13
DA:25,13
DA:29,1
DA:30,1
DA:31,1
DA:32,1
DA:33,1
DA:37,1
DA:38,1
DA:39,1
DA:40,1
DA:41,1
DA:42,1
DA:43,1
DA:44,1
DA:45,1
DA:46,1
DA:47,1
DA:48,13
DA:49,13
DA:50,13
DA:51,13
DA:52,13
DA:53,1
DA:54,1
DA:55,1
DA:56,1
DA:57,1
DA:58,1
DA:60,1
DA:61,1
DA:62,15
DA:63,15
DA:64,15
DA:65,15
DA:66,15
DA:67,1
DA:71,1
DA:72,1
DA:73,1
DA:74,1
DA:75,1
DA:76,1
DA:77,1
DA:79,1
DA:80,1
DA:81,1
DA:82,1
DA:83,1
DA:84,15
DA:85,15
DA:86,15
DA:87,1
DA:89,1
DA:90,1
DA:91,1
DA:92,1
DA:93,1
DA:94,1
DA:95,1
DA:96,1
DA:98,1
DA:99,1
DA:100,1
DA:101,1
DA:102,1
DA:103,1
DA:104,1
DA:105,1
DA:106,1
DA:107,1
DA:108,1
DA:109,1
DA:110,1
DA:114,1
DA:115,1
DA:116,1
DA:117,1
DA:118,1
DA:119,1
DA:120,1
DA:121,1
DA:122,1
DA:123,1
DA:124,1
DA:125,1
DA:126,1
DA:127,1
DA:128,1
DA:129,1
DA:130,1
DA:131,1
DA:132,1
DA:133,1
DA:134,1
DA:135,1
DA:136,1
DA:137,1
DA:138,1
DA:139,1
DA:140,1
DA:141,1
DA:142,1
DA:143,1
DA:144,1
DA:145,1
DA:146,1
DA:147,1
DA:148,1
DA:149,1
DA:150,1
DA:151,1
DA:155,1
DA:156,1
DA:157,1
DA:158,1
DA:159,1
DA:160,1
DA:161,1
DA:162,1
DA:163,1
DA:164,1
DA:165,1
DA:166,1
DA:167,1
DA:168,1
DA:169,1
DA:170,1
DA:171,1
DA:172,1
DA:173,1
DA:174,1
DA:175,1
DA:177,1
DA:178,1
DA:179,1
DA:180,1
DA:181,1
DA:182,1
DA:183,1
DA:184,1
DA:185,1
DA:186,1
DA:187,1
DA:188,1
DA:189,1
DA:190,1
DA:191,1
DA:192,1
DA:193,1
DA:194,1
DA:195,1
DA:196,1
DA:197,1
DA:198,1
DA:199,1
DA:200,1
DA:201,1
DA:202,1
DA:206,1
DA:207,1
DA:208,1
DA:209,1
DA:210,1
DA:211,1
DA:212,1
DA:213,1
DA:214,1
DA:215,1
DA:216,1
DA:217,1
DA:218,1
DA:219,1
DA:220,1
DA:221,1
DA:222,1
DA:223,1
DA:224,1
DA:225,1
DA:226,1
DA:227,1
DA:228,1
DA:229,1
DA:233,1
DA:234,1
DA:235,1
DA:236,1
DA:237,1
DA:238,1
DA:239,1
DA:240,100
DA:241,100
DA:242,99
DA:243,50
DA:244,50
DA:245,50
DA:246,49
DA:247,49
DA:248,49
DA:249,99
DA:250,99
DA:251,100
DA:252,1
DA:253,1
DA:254,1
DA:258,1
DA:259,1
DA:260,1
DA:261,1
DA:262,1
DA:263,1
DA:264,1
DA:265,1
DA:266,1
DA:267,1
DA:268,1
DA:269,1
DA:270,1
DA:271,1
DA:272,1
DA:273,1
DA:274,1
DA:275,1
DA:276,1
DA:277,1
DA:278,1
DA:279,1
DA:280,1
DA:281,1
DA:282,0
DA:283,1
DA:284,1
BRF:0
BRH:0
LF:318
LH:312
end_of_record
SF:/Users/tobiaslekman/Repo/lekman/magsafe-buskill/MagSafeGuardTests/Utilities/LoggerTests.swift
FN:18,$s21MagSafeGuardCoreTests06LoggerE0C16testDebugLoggingyyF
FN:25,$s21MagSafeGuardCoreTests06LoggerE0C16testDebugLoggingyyFSbyKXEfu_
FN:25,$s21MagSafeGuardCoreTests06LoggerE0C16testDebugLoggingyyFSSyXEfu0_
FN:28,$s21MagSafeGuardCoreTests06LoggerE0C25testDebugSensitiveLoggingyyF
FN:33,$s21MagSafeGuardCoreTests06LoggerE0C25testDebugSensitiveLoggingyyFSbyKXEfu_
FN:33,$s21MagSafeGuardCoreTests06LoggerE0C25testDebugSensitiveLoggingyyFSSyXEfu0_
FN:36,$s21MagSafeGuardCoreTests06LoggerE0C15testInfoLoggingyyF
FN:42,$s21MagSafeGuardCoreTests06LoggerE0C15testInfoLoggingyyFSbyKXEfu_
FN:42,$s21MagSafeGuardCoreTests06LoggerE0C15testInfoLoggingyyFSSyXEfu0_
FN:45,$s21MagSafeGuardCoreTests06LoggerE0C24testInfoSensitiveLoggingyyF
FN:50,$s21MagSafeGuardCoreTests06LoggerE0C24testInfoSensitiveLoggingyyFSbyKXEfu_
FN:50,$s21MagSafeGuardCoreTests06LoggerE0C24testInfoSensitiveLoggingyyFSSyXEfu0_
FN:53,$s21MagSafeGuardCoreTests06LoggerE0C17testNoticeLoggingyyF
FN:58,$s21MagSafeGuardCoreTests06LoggerE0C17testNoticeLoggingyyFSbyKXEfu_
FN:58,$s21MagSafeGuardCoreTests06LoggerE0C17testNoticeLoggingyyFSSyXEfu0_
FN:61,$s21MagSafeGuardCoreTests06LoggerE0C26testNoticeSensitiveLoggingyyF
FN:66,$s21MagSafeGuardCoreTests06LoggerE0C26testNoticeSensitiveLoggingyyFSbyKXEfu_
FN:66,$s21MagSafeGuardCoreTests06LoggerE0C26testNoticeSensitiveLoggingyyFSSyXEfu0_
FN:69,$s21MagSafeGuardCoreTests06LoggerE0C18testWarningLoggingyyF
FN:74,$s21MagSafeGuardCoreTests06LoggerE0C18testWarningLoggingyyFSbyKXEfu_
FN:74,$s21MagSafeGuardCoreTests06LoggerE0C18testWarningLoggingyyFSSyXEfu0_
FN:77,$s21MagSafeGuardCoreTests06LoggerE0C16testErrorLoggingyyF
FN:89,$s21MagSafeGuardCoreTests06LoggerE0C16testErrorLoggingyyFSbyKXEfu_
FN:89,$s21MagSafeGuardCoreTests06LoggerE0C16testErrorLoggingyyFSSyXEfu0_
FN:92,$s21MagSafeGuardCoreTests06LoggerE0C19testCriticalLoggingyyF
FN:104,$s21MagSafeGuardCoreTests06LoggerE0C19testCriticalLoggingyyFSbyKXEfu_
FN:104,$s21MagSafeGuardCoreTests06LoggerE0C19testCriticalLoggingyyFSSyXEfu0_
FN:107,$s21MagSafeGuardCoreTests06LoggerE0C16testFaultLoggingyyF
FN:112,$s21MagSafeGuardCoreTests06LoggerE0C16testFaultLoggingyyFSbyKXEfu_
FN:112,$s21MagSafeGuardCoreTests06LoggerE0C16testFaultLoggingyyFSSyXEfu0_
FN:117,$s21MagSafeGuardCoreTests06LoggerE0C22testPrivateInfoLoggingyyF
FN:122,$s21MagSafeGuardCoreTests06LoggerE0C22testPrivateInfoLoggingyyFSbyKXEfu_
FN:122,$s21MagSafeGuardCoreTests06LoggerE0C22testPrivateInfoLoggingyyFSSyXEfu0_
FN:125,$s21MagSafeGuardCoreTests06LoggerE0C21testMixedDebugLoggingyyF
FN:134,$s21MagSafeGuardCoreTests06LoggerE0C21testMixedDebugLoggingyyFSbyKXEfu_
FN:134,$s21MagSafeGuardCoreTests06LoggerE0C21testMixedDebugLoggingyyFSSyXEfu0_
FN:139,$s21MagSafeGuardCoreTests06LoggerE0C17testAllCategoriesyyF
FN:150,$s21MagSafeGuardCoreTests06LoggerE0C17testAllCategoriesyyFSbyKXEfu_
FN:150,$s21MagSafeGuardCoreTests06LoggerE0C17testAllCategoriesyyFSSyXEfu0_
FN:153,$s21MagSafeGuardCoreTests06LoggerE0C17testCategoryNamesyyF
FN:155,$s21MagSafeGuardCoreTests06LoggerE0C17testCategoryNamesyyFSSyKXEfu_
FN:155,$s21MagSafeGuardCoreTests06LoggerE0C17testCategoryNamesyyFSSyKXEfu0_
FN:156,$s21MagSafeGuardCoreTests06LoggerE0C17testCategoryNamesyyFSSyKXEfu1_
FN:156,$s21MagSafeGuardCoreTests06LoggerE0C17testCategoryNamesyyFSSyKXEfu2_
FN:157,$s21MagSafeGuardCoreTests06LoggerE0C17testCategoryNamesyyFSSyKXEfu3_
FN:157,$s21MagSafeGuardCoreTests06LoggerE0C17testCategoryNamesyyFSSyKXEfu4_
FN:158,$s21MagSafeGuardCoreTests06LoggerE0C17testCategoryNamesyyFSSyKXEfu5_
FN:158,$s21MagSafeGuardCoreTests06LoggerE0C17testCategoryNamesyyFSSyKXEfu6_
FN:159,$s21MagSafeGuardCoreTests06LoggerE0C17testCategoryNamesyyFSSyKXEfu7_
FN:159,$s21MagSafeGuardCoreTests06LoggerE0C17testCategoryNamesyyFSSyKXEfu8_
FN:160,$s21MagSafeGuardCoreTests06LoggerE0C17testCategoryNamesyyFSSyKXEfu9_
FN:160,$s21MagSafeGuardCoreTests06LoggerE0C17testCategoryNamesyyFSSyKXEfu10_
FN:161,$s21MagSafeGuardCoreTests06LoggerE0C17testCategoryNamesyyFSSyKXEfu11_
FN:161,$s21MagSafeGuardCoreTests06LoggerE0C17testCategoryNamesyyFSSyKXEfu12_
FN:162,$s21MagSafeGuardCoreTests06LoggerE0C17testCategoryNamesyyFSSyKXEfu13_
FN:162,$s21MagSafeGuardCoreTests06LoggerE0C17testCategoryNamesyyFSSyKXEfu14_
FN:163,$s21MagSafeGuardCoreTests06LoggerE0C17testCategoryNamesyyFSSyKXEfu15_
FN:163,$s21MagSafeGuardCoreTests06LoggerE0C17testCategoryNamesyyFSSyKXEfu16_
FN:166,$s21MagSafeGuardCoreTests06LoggerE0C012testCategoryF0yyF
FN:172,$s21MagSafeGuardCoreTests06LoggerE0C012testCategoryF0yyFypSgyKXEfu_
FN:173,$s21MagSafeGuardCoreTests06LoggerE0C012testCategoryF0yyFypSgyKXEfu0_
FN:178,$s21MagSafeGuardCoreTests06LoggerE0C21testConcurrentLoggingyyF
FN:186,$s21MagSafeGuardCoreTests06LoggerE0C21testConcurrentLoggingyyFyyYbcfU_
FN:195,$s21MagSafeGuardCoreTests06LoggerE0C21testHighVolumeLoggingyyF
FN:197,$s21MagSafeGuardCoreTests06LoggerE0C21testHighVolumeLoggingyyFyyXEfU_
FN:206,$s21MagSafeGuardCoreTests06LoggerE0C17testEmptyMessagesyyF
FN:213,$s21MagSafeGuardCoreTests06LoggerE0C17testEmptyMessagesyyFSbyKXEfu_
FN:213,$s21MagSafeGuardCoreTests06LoggerE0C17testEmptyMessagesyyFSSyXEfu0_
FN:216,$s21MagSafeGuardCoreTests06LoggerE0C16testLongMessagesyyF
FN:221,$s21MagSafeGuardCoreTests06LoggerE0C16testLongMessagesyyFSbyKXEfu_
FN:221,$s21MagSafeGuardCoreTests06LoggerE0C16testLongMessagesyyFSSyXEfu0_
FN:224,$s21MagSafeGuardCoreTests06LoggerE0C21testSpecialCharactersyyF
FN:229,$s21MagSafeGuardCoreTests06LoggerE0C21testSpecialCharactersyyFSbyKXEfu_
FN:229,$s21MagSafeGuardCoreTests06LoggerE0C21testSpecialCharactersyyFSSyXEfu0_
FN:235,$s21MagSafeGuardCoreTests06LoggerE0C18testVerboseLoggingyyF
FN:240,$s21MagSafeGuardCoreTests06LoggerE0C18testVerboseLoggingyyFSbyKXEfu_
FN:240,$s21MagSafeGuardCoreTests06LoggerE0C18testVerboseLoggingyyFSSyXEfu0_
FN:246,$s21MagSafeGuardCoreTests06LoggerE0C08testFilef10DisabledInE0yyF
FN:257,$s21MagSafeGuardCoreTests06LoggerE0C08testFilef10DisabledInE0yyFSbyKXEfu_
FN:257,$s21MagSafeGuardCoreTests06LoggerE0C08testFilef10DisabledInE0yyFSSyXEfu0_
FNDA:1,$s21MagSafeGuardCoreTests06LoggerE0C16testDebugLoggingyyF
FNDA:1,$s21MagSafeGuardCoreTests06LoggerE0C16testDebugLoggingyyFSbyKXEfu_
FNDA:0,$s21MagSafeGuardCoreTests06LoggerE0C16testDebugLoggingyyFSSyXEfu0_
FNDA:1,$s21MagSafeGuardCoreTests06LoggerE0C25testDebugSensitiveLoggingyyF
FNDA:1,$s21MagSafeGuardCoreTests06LoggerE0C25testDebugSensitiveLoggingyyFSbyKXEfu_
FNDA:0,$s21MagSafeGuardCoreTests06LoggerE0C25testDebugSensitiveLoggingyyFSSyXEfu0_
FNDA:1,$s21MagSafeGuardCoreTests06LoggerE0C15testInfoLoggingyyF
FNDA:1,$s21MagSafeGuardCoreTests06LoggerE0C15testInfoLoggingyyFSbyKXEfu_
FNDA:0,$s21MagSafeGuardCoreTests06LoggerE0C15testInfoLoggingyyFSSyXEfu0_
FNDA:1,$s21MagSafeGuardCoreTests06LoggerE0C24testInfoSensitiveLoggingyyF
FNDA:1,$s21MagSafeGuardCoreTests06LoggerE0C24testInfoSensitiveLoggingyyFSbyKXEfu_
FNDA:0,$s21MagSafeGuardCoreTests06LoggerE0C24testInfoSensitiveLoggingyyFSSyXEfu0_
FNDA:1,$s21MagSafeGuardCoreTests06LoggerE0C17testNoticeLoggingyyF
FNDA:1,$s21MagSafeGuardCoreTests06LoggerE0C17testNoticeLoggingyyFSbyKXEfu_
FNDA:0,$s21MagSafeGuardCoreTests06LoggerE0C17testNoticeLoggingyyFSSyXEfu0_
FNDA:1,$s21MagSafeGuardCoreTests06LoggerE0C26testNoticeSensitiveLoggingyyF
FNDA:1,$s21MagSafeGuardCoreTests06LoggerE0C26testNoticeSensitiveLoggingyyFSbyKXEfu_
FNDA:0,$s21MagSafeGuardCoreTests06LoggerE0C26testNoticeSensitiveLoggingyyFSSyXEfu0_
FNDA:1,$s21MagSafeGuardCoreTests06LoggerE0C18testWarningLoggingyyF
FNDA:1,$s21MagSafeGuardCoreTests06LoggerE0C18testWarningLoggingyyFSbyKXEfu_
FNDA:0,$s21MagSafeGuardCoreTests06LoggerE0C18testWarningLoggingyyFSSyXEfu0_
FNDA:1,$s21MagSafeGuardCoreTests06LoggerE0C16testErrorLoggingyyF
FNDA:1,$s21MagSafeGuardCoreTests06LoggerE0C16testErrorLoggingyyFSbyKXEfu_
FNDA:0,$s21MagSafeGuardCoreTests06LoggerE0C16testErrorLoggingyyFSSyXEfu0_
FNDA:1,$s21MagSafeGuardCoreTests06LoggerE0C19testCriticalLoggingyyF
FNDA:1,$s21MagSafeGuardCoreTests06LoggerE0C19testCriticalLoggingyyFSbyKXEfu_
FNDA:0,$s21MagSafeGuardCoreTests06LoggerE0C19testCriticalLoggingyyFSSyXEfu0_
FNDA:1,$s21MagSafeGuardCoreTests06LoggerE0C16testFaultLoggingyyF
FNDA:1,$s21MagSafeGuardCoreTests06LoggerE0C16testFaultLoggingyyFSbyKXEfu_
FNDA:0,$s21MagSafeGuardCoreTests06LoggerE0C16testFaultLoggingyyFSSyXEfu0_
FNDA:1,$s21MagSafeGuardCoreTests06LoggerE0C22testPrivateInfoLoggingyyF
FNDA:1,$s21MagSafeGuardCoreTests06LoggerE0C22testPrivateInfoLoggingyyFSbyKXEfu_
FNDA:0,$s21MagSafeGuardCoreTests06LoggerE0C22testPrivateInfoLoggingyyFSSyXEfu0_
FNDA:1,$s21MagSafeGuardCoreTests06LoggerE0C21testMixedDebugLoggingyyF
FNDA:1,$s21MagSafeGuardCoreTests06LoggerE0C21testMixedDebugLoggingyyFSbyKXEfu_
FNDA:0,$s21MagSafeGuardCoreTests06LoggerE0C21testMixedDebugLoggingyyFSSyXEfu0_
FNDA:1,$s21MagSafeGuardCoreTests06LoggerE0C17testAllCategoriesyyF
FNDA:1,$s21MagSafeGuardCoreTests06LoggerE0C17testAllCategoriesyyFSbyKXEfu_
FNDA:0,$s21MagSafeGuardCoreTests06LoggerE0C17testAllCategoriesyyFSSyXEfu0_
FNDA:1,$s21MagSafeGuardCoreTests06LoggerE0C17testCategoryNamesyyF
FNDA:1,$s21MagSafeGuardCoreTests06LoggerE0C17testCategoryNamesyyFSSyKXEfu_
FNDA:1,$s21MagSafeGuardCoreTests06LoggerE0C17testCategoryNamesyyFSSyKXEfu0_
FNDA:1,$s21MagSafeGuardCoreTests06LoggerE0C17testCategoryNamesyyFSSyKXEfu1_
FNDA:1,$s21MagSafeGuardCoreTests06LoggerE0C17testCategoryNamesyyFSSyKXEfu2_
FNDA:1,$s21MagSafeGuardCoreTests06LoggerE0C17testCategoryNamesyyFSSyKXEfu3_
FNDA:1,$s21MagSafeGuardCoreTests06LoggerE0C17testCategoryNamesyyFSSyKXEfu4_
FNDA:1,$s21MagSafeGuardCoreTests06LoggerE0C17testCategoryNamesyyFSSyKXEfu5_
FNDA:1,$s21MagSafeGuardCoreTests06LoggerE0C17testCategoryNamesyyFSSyKXEfu6_
FNDA:1,$s21MagSafeGuardCoreTests06LoggerE0C17testCategoryNamesyyFSSyKXEfu7_
FNDA:1,$s21MagSafeGuardCoreTests06LoggerE0C17testCategoryNamesyyFSSyKXEfu8_
FNDA:1,$s21MagSafeGuardCoreTests06LoggerE0C17testCategoryNamesyyFSSyKXEfu9_
FNDA:1,$s21MagSafeGuardCoreTests06LoggerE0C17testCategoryNamesyyFSSyKXEfu10_
FNDA:1,$s21MagSafeGuardCoreTests06LoggerE0C17testCategoryNamesyyFSSyKXEfu11_
FNDA:1,$s21MagSafeGuardCoreTests06LoggerE0C17testCategoryNamesyyFSSyKXEfu12_
FNDA:1,$s21MagSafeGuardCoreTests06LoggerE0C17testCategoryNamesyyFSSyKXEfu13_
FNDA:1,$s21MagSafeGuardCoreTests06LoggerE0C17testCategoryNamesyyFSSyKXEfu14_
FNDA:1,$s21MagSafeGuardCoreTests06LoggerE0C17testCategoryNamesyyFSSyKXEfu15_
FNDA:1,$s21MagSafeGuardCoreTests06LoggerE0C17testCategoryNamesyyFSSyKXEfu16_
FNDA:1,$s21MagSafeGuardCoreTests06LoggerE0C012testCategoryF0yyF
FNDA:1,$s21MagSafeGuardCoreTests06LoggerE0C012testCategoryF0yyFypSgyKXEfu_
FNDA:1,$s21MagSafeGuardCoreTests06LoggerE0C012testCategoryF0yyFypSgyKXEfu0_
FNDA:1,$s21MagSafeGuardCoreTests06LoggerE0C21testConcurrentLoggingyyF
FNDA:98,$s21MagSafeGuardCoreTests06LoggerE0C21testConcurrentLoggingyyFyyYbcfU_
FNDA:1,$s21MagSafeGuardCoreTests06LoggerE0C21testHighVolumeLoggingyyF
FNDA:10,$s21MagSafeGuardCoreTests06LoggerE0C21testHighVolumeLoggingyyFyyXEfU_
FNDA:1,$s21MagSafeGuardCoreTests06LoggerE0C17testEmptyMessagesyyF
FNDA:1,$s21MagSafeGuardCoreTests06LoggerE0C17testEmptyMessagesyyFSbyKXEfu_
FNDA:0,$s21MagSafeGuardCoreTests06LoggerE0C17testEmptyMessagesyyFSSyXEfu0_
FNDA:1,$s21MagSafeGuardCoreTests06LoggerE0C16testLongMessagesyyF
FNDA:1,$s21MagSafeGuardCoreTests06LoggerE0C16testLongMessagesyyFSbyKXEfu_
FNDA:0,$s21MagSafeGuardCoreTests06LoggerE0C16testLongMessagesyyFSSyXEfu0_
FNDA:1,$s21MagSafeGuardCoreTests06LoggerE0C21testSpecialCharactersyyF
FNDA:1,$s21MagSafeGuardCoreTests06LoggerE0C21testSpecialCharactersyyFSbyKXEfu_
FNDA:0,$s21MagSafeGuardCoreTests06LoggerE0C21testSpecialCharactersyyFSSyXEfu0_
FNDA:1,$s21MagSafeGuardCoreTests06LoggerE0C18testVerboseLoggingyyF
FNDA:1,$s21MagSafeGuardCoreTests06LoggerE0C18testVerboseLoggingyyFSbyKXEfu_
FNDA:0,$s21MagSafeGuardCoreTests06LoggerE0C18testVerboseLoggingyyFSSyXEfu0_
FNDA:1,$s21MagSafeGuardCoreTests06LoggerE0C08testFilef10DisabledInE0yyF
FNDA:1,$s21MagSafeGuardCoreTests06LoggerE0C08testFilef10DisabledInE0yyFSbyKXEfu_
FNDA:0,$s21MagSafeGuardCoreTests06LoggerE0C08testFilef10DisabledInE0yyFSSyXEfu0_
FNF:80
FNH:62
DA:18,1
DA:19,1
DA:20,1
DA:21,1
DA:22,1
DA:23,1
DA:24,1
DA:25,1
DA:26,1
DA:28,1
DA:29,1
DA:30,1
DA:31,1
DA:32,1
DA:33,1
DA:34,1
DA:36,1
DA:37,1
DA:38,1
DA:39,1
DA:40,1
DA:41,1
DA:42,1
DA:43,1
DA:45,1
DA:46,1
DA:47,1
DA:48,1
DA:49,1
DA:50,1
DA:51,1
DA:53,1
DA:54,1
DA:55,1
DA:56,1
DA:57,1
DA:58,1
DA:59,1
DA:61,1
DA:62,1
DA:63,1
DA:64,1
DA:65,1
DA:66,1
DA:67,1
DA:69,1
DA:70,1
DA:71,1
DA:72,1
DA:73,1
DA:74,1
DA:75,1
DA:77,1
DA:78,1
DA:79,1
DA:80,1
DA:81,1
DA:82,1
DA:83,1
DA:84,1
DA:85,1
DA:86,1
DA:87,1
DA:88,1
DA:89,1
DA:90,1
DA:92,1
DA:93,1
DA:94,1
DA:95,1
DA:96,1
DA:97,1
DA:98,1
DA:99,1
DA:100,1
DA:101,1
DA:102,1
DA:103,1
DA:104,1
DA:105,1
DA:107,1
DA:108,1
DA:109,1
DA:110,1
DA:111,1
DA:112,1
DA:113,1
DA:117,1
DA:118,1
DA:119,1
DA:120,1
DA:121,1
DA:122,1
DA:123,1
DA:125,1
DA:126,1
DA:127,1
DA:128,1
DA:129,1
DA:130,1
DA:131,1
DA:132,1
DA:133,1
DA:134,1
DA:135,1
DA:139,1
DA:140,1
DA:141,1
DA:142,1
DA:143,1
DA:144,1
DA:145,1
DA:146,9
DA:147,9
DA:148,9
DA:149,1
DA:150,1
DA:151,1
DA:153,1
DA:154,1
DA:155,1
DA:156,1
DA:157,1
DA:158,1
DA:159,1
DA:160,1
DA:161,1
DA:162,1
DA:163,1
DA:164,1
DA:166,1
DA:167,1
DA:168,1
DA:169,1
DA:170,1
DA:171,1
DA:172,1
DA:173,1
DA:174,1
DA:178,1
DA:179,1
DA:180,1
DA:181,1
DA:182,1
DA:183,1
DA:184,1
DA:185,100
DA:186,100
DA:187,98
DA:188,98
DA:189,98
DA:190,100
DA:191,1
DA:192,1
DA:193,1
DA:195,1
DA:196,1
DA:197,10
DA:198,10000
DA:199,10000
DA:200,10000
DA:201,10
DA:202,1
DA:206,1
DA:207,1
DA:208,1
DA:209,1
DA:210,1
DA:211,1
DA:212,1
DA:213,1
DA:214,1
DA:216,1
DA:217,1
DA:218,1
DA:219,1
DA:220,1
DA:221,1
DA:222,1
DA:224,1
DA:225,1
DA:226,1
DA:227,1
DA:228,1
DA:229,1
DA:230,1
DA:235,1
DA:236,1
DA:237,1
DA:238,1
DA:239,1
DA:240,1
DA:241,1
DA:246,1
DA:247,1
DA:248,1
DA:249,1
DA:250,1
DA:251,1
DA:252,1
DA:253,1
DA:254,1
DA:255,1
DA:256,1
DA:257,1
DA:258,1
BRF:0
BRH:0
LF:271
LH:253
end_of_record
